Using pre-set license
Built from '2022.3/release' branch; Version is '2022.3.61f1 (6c53ebaf375d) revision 7099371'; Using compiler version '192829333'; Build Type 'Release'
OS: 'Windows 11  (10.0.26100) 64bit CoreSingleLanguage' Language: 'en' Physical Memory: 16087 MB
BatchMode: 1, IsHumanControllingUs: 0, StartBugReporterOnCrash: 0, Is64bit: 1, IsPro: 1

COMMAND LINE ARGUMENTS:
C:\Program Files\Unity\Hub\Editor\2022.3.61f1\Editor\Unity.exe
-adb2
-batchMode
-noUpm
-name
AssetImportWorker0
-projectPath
D:/Piyon Raj Projects/Multiplayer_WebGL
-logFile
Logs/AssetImportWorker0.log
-srvPort
56268
Successfully changed project path to: D:/Piyon Raj Projects/Multiplayer_WebGL
D:/Piyon Raj Projects/Multiplayer_WebGL
[UnityMemory] Configuration Parameters - Can be set up in boot.config
    "memorysetup-bucket-allocator-granularity=16"
    "memorysetup-bucket-allocator-bucket-count=8"
    "memorysetup-bucket-allocator-block-size=33554432"
    "memorysetup-bucket-allocator-block-count=8"
    "memorysetup-main-allocator-block-size=16777216"
    "memorysetup-thread-allocator-block-size=16777216"
    "memorysetup-gfx-main-allocator-block-size=16777216"
    "memorysetup-gfx-thread-allocator-block-size=16777216"
    "memorysetup-cache-allocator-block-size=4194304"
    "memorysetup-typetree-allocator-block-size=2097152"
    "memorysetup-profiler-bucket-allocator-granularity=16"
    "memorysetup-profiler-bucket-allocator-bucket-count=8"
    "memorysetup-profiler-bucket-allocator-block-size=33554432"
    "memorysetup-profiler-bucket-allocator-block-count=8"
    "memorysetup-profiler-allocator-block-size=16777216"
    "memorysetup-profiler-editor-allocator-block-size=1048576"
    "memorysetup-temp-allocator-size-main=16777216"
    "memorysetup-job-temp-allocator-block-size=2097152"
    "memorysetup-job-temp-allocator-block-size-background=1048576"
    "memorysetup-job-temp-allocator-reduction-small-platforms=262144"
    "memorysetup-allocator-temp-initial-block-size-main=262144"
    "memorysetup-allocator-temp-initial-block-size-worker=262144"
    "memorysetup-temp-allocator-size-background-worker=32768"
    "memorysetup-temp-allocator-size-job-worker=262144"
    "memorysetup-temp-allocator-size-preload-manager=33554432"
    "memorysetup-temp-allocator-size-nav-mesh-worker=65536"
    "memorysetup-temp-allocator-size-audio-worker=65536"
    "memorysetup-temp-allocator-size-cloud-worker=32768"
    "memorysetup-temp-allocator-size-gi-baking-worker=262144"
    "memorysetup-temp-allocator-size-gfx=262144"
Player connection [17940]  Target information:

Player connection [17940]  * "[IP] 10.229.4.167 [Port] 0 [Flags] 2 [Guid] 2448202190 [EditorId] 2448202190 [Version] 1048832 [Id] WindowsEditor(7,MSI) [Debug] 1 [PackageName] WindowsEditor [ProjectName] Editor" 

Player connection [17940] Host joined multi-casting on [225.0.0.222:54997]...
Player connection [17940] Host joined alternative multi-casting on [225.0.0.222:34997]...
Input System module state changed to: Initialized.
[PhysX] Initialized MultithreadedTaskDispatcher with 12 workers.
Refreshing native plugins compatible for Editor in 29.71 ms, found 3 plugins.
Preloading 0 native plugins for Editor in 0.00 ms.
Initialize engine version: 2022.3.61f1 (6c53ebaf375d)
[Subsystems] Discovering subsystems at path C:/Program Files/Unity/Hub/Editor/2022.3.61f1/Editor/Data/Resources/UnitySubsystems
[Subsystems] Discovering subsystems at path D:/Piyon Raj Projects/Multiplayer_WebGL/Assets
GfxDevice: creating device client; threaded=0; jobified=0
Direct3D:
    Version:  Direct3D 11.0 [level 11.1]
    Renderer: NVIDIA GeForce RTX 3050 Laptop GPU (ID=0x25a2)
    Vendor:   NVIDIA
    VRAM:     3964 MB
    Driver:   32.0.15.5599
Initialize mono
Mono path[0] = 'C:/Program Files/Unity/Hub/Editor/2022.3.61f1/Editor/Data/Managed'
Mono path[1] = 'C:/Program Files/Unity/Hub/Editor/2022.3.61f1/Editor/Data/MonoBleedingEdge/lib/mono/unityjit-win32'
Mono config path = 'C:/Program Files/Unity/Hub/Editor/2022.3.61f1/Editor/Data/MonoBleedingEdge/etc'
Using monoOptions --debugger-agent=transport=dt_socket,embedding=1,server=y,suspend=n,address=127.0.0.1:56352
Begin MonoManager ReloadAssembly
Registering precompiled unity dll's ...
Register platform support module: C:/Program Files/Unity/Hub/Editor/2022.3.61f1/Editor/Data/PlaybackEngines/WebGLSupport/UnityEditor.WebGL.Extensions.dll
Register platform support module: C:/Program Files/Unity/Hub/Editor/2022.3.61f1/Editor/Data/PlaybackEngines/AndroidPlayer/UnityEditor.Android.Extensions.dll
Register platform support module: C:/Program Files/Unity/Hub/Editor/2022.3.61f1/Editor/Data/PlaybackEngines/WindowsStandaloneSupport/UnityEditor.WindowsStandalone.Extensions.dll
Register platform support module: C:/Program Files/Unity/Hub/Editor/2022.3.61f1/Editor/Data/PlaybackEngines/MetroSupport/UnityEditor.UWP.Extensions.dll
Registered in 0.027304 seconds.
- Loaded All Assemblies, in  0.833 seconds
Native extension for UWP target not found
Native extension for WindowsStandalone target not found
Native extension for Android target not found
Android Extension - Scanning For ADB Devices 676 ms
Native extension for WebGL target not found
Mono: successfully reloaded assembly
- Finished resetting the current domain, in  1.332 seconds
Domain Reload Profiling: 2159ms
	BeginReloadAssembly (239ms)
		ExecutionOrderSort (0ms)
		DisableScriptedObjects (0ms)
		BackupInstance (0ms)
		ReleaseScriptingObjects (0ms)
		CreateAndSetChildDomain (1ms)
	RebuildCommonClasses (67ms)
	RebuildNativeTypeToScriptingClass (22ms)
	initialDomainReloadingComplete (140ms)
	LoadAllAssembliesAndSetupDomain (358ms)
		LoadAssemblies (238ms)
		RebuildTransferFunctionScriptingTraits (0ms)
		AnalyzeDomain (350ms)
			TypeCache.Refresh (346ms)
				TypeCache.ScanAssembly (317ms)
			ScanForSourceGeneratedMonoScriptInfo (1ms)
			ResolveRequiredComponents (1ms)
	FinalizeReload (1333ms)
		ReleaseScriptCaches (0ms)
		RebuildScriptCaches (0ms)
		SetupLoadedEditorAssemblies (1232ms)
			LogAssemblyErrors (0ms)
			InitializePlatformSupportModulesInManaged (873ms)
			SetLoadedEditorAssemblies (8ms)
			RefreshPlugins (0ms)
			BeforeProcessingInitializeOnLoad (4ms)
			ProcessInitializeOnLoadAttributes (226ms)
			ProcessInitializeOnLoadMethodAttributes (121ms)
			AfterProcessingInitializeOnLoad (0ms)
			EditorAssembliesLoaded (0ms)
		ExecutionOrderSort2 (0ms)
		AwakeInstancesAfterBackupRestoration (0ms)
========================================================================
Worker process is ready to serve import requests
Caller must complete domain reload
Begin MonoManager ReloadAssembly
- Loaded All Assemblies, in  1.354 seconds
Native extension for UWP target not found
Native extension for WindowsStandalone target not found
Native extension for Android target not found
Native extension for WebGL target not found
Mono: successfully reloaded assembly
- Finished resetting the current domain, in  1.274 seconds
Domain Reload Profiling: 2625ms
	BeginReloadAssembly (267ms)
		ExecutionOrderSort (0ms)
		DisableScriptedObjects (10ms)
		BackupInstance (0ms)
		ReleaseScriptingObjects (0ms)
		CreateAndSetChildDomain (33ms)
	RebuildCommonClasses (62ms)
	RebuildNativeTypeToScriptingClass (17ms)
	initialDomainReloadingComplete (84ms)
	LoadAllAssembliesAndSetupDomain (919ms)
		LoadAssemblies (655ms)
		RebuildTransferFunctionScriptingTraits (0ms)
		AnalyzeDomain (422ms)
			TypeCache.Refresh (325ms)
				TypeCache.ScanAssembly (291ms)
			ScanForSourceGeneratedMonoScriptInfo (65ms)
			ResolveRequiredComponents (28ms)
	FinalizeReload (1275ms)
		ReleaseScriptCaches (0ms)
		RebuildScriptCaches (0ms)
		SetupLoadedEditorAssemblies (949ms)
			LogAssemblyErrors (0ms)
			InitializePlatformSupportModulesInManaged (46ms)
			SetLoadedEditorAssemblies (9ms)
			RefreshPlugins (0ms)
			BeforeProcessingInitializeOnLoad (167ms)
			ProcessInitializeOnLoadAttributes (583ms)
			ProcessInitializeOnLoadMethodAttributes (131ms)
			AfterProcessingInitializeOnLoad (13ms)
			EditorAssembliesLoaded (0ms)
		ExecutionOrderSort2 (0ms)
		AwakeInstancesAfterBackupRestoration (10ms)
Launched and connected shader compiler UnityShaderCompiler.exe after 0.12 seconds
Refreshing native plugins compatible for Editor in 11.80 ms, found 3 plugins.
Preloading 0 native plugins for Editor in 0.00 ms.
Unloading 5120 Unused Serialized files (Serialized files now loaded: 0)
Unloading 27 unused Assets / (347.5 KB). Loaded Objects now: 5581.
Memory consumption went from 201.7 MB to 201.3 MB.
Total: 10.910700 ms (FindLiveObjects: 0.804200 ms CreateObjectMapping: 0.626100 ms MarkObjects: 8.980300 ms  DeleteObjects: 0.496400 ms)

AssetImportParameters requested are different than current active one (requested -> active):
  custom:container-demuxer-ogg: 62fdf1f143b41e24485cea50d1cbac27 -> 
  custom:video-codec-MediaFoundation-h265: 746d11721c4dcdbdad8f713fa42b33f4 -> 
  custom:video-decoder-ogg-theora: a1e56fd34408186e4bbccfd4996cb3dc -> 
  custom:framework-win-MediaFoundation: 216162199b28c13a410421893ffa2e32 -> 
  custom:scripting/monoscript/fileName/ChatEditor.cs: ab8170989c9ef6b66a1ee90f84cc5f2f -> 
  custom:CustomObjectIndexerAttribute: 72b91833f83ae208fae7752999fa3104 -> 
  custom:container-demuxer-webm: 4f35f7cbe854078d1ac9338744f61a02 -> 
  custom:container-muxer-webm: aa71ff27fc2769a1b78a27578f13a17b -> 
  custom:video-decoder-webm-vp8: 9c59270c3fd7afecdb556c50c9e8de78 -> 
  custom:SearchIndexIgnoredProperties: e643bd26f0fe6173181afceb89e7c659 -> 
  custom:AudioImporter_EditorPlatform: d09bf68614088b80899f8185d706f6e7 -> 
  custom:video-encoder-webm-vp8: eb34c28f22e8b96e1ab97ce403110664 -> 
  custom:audio-decoder-ogg-vorbis: bf7c407c2cedff20999df2af8eb42d56 -> 
  custom:scripting/monoscript/fileName/PhotonAppSettings.cs: 8b612295ab1bfb5d19f8bf60b0a9cae5 -> 
  custom:audio-encoder-webm-vorbis: bf7c407c2cedff20999df2af8eb42d56 -> 
========================================================================
Received Import Request.
  Time since last request: 1080511.631596 seconds.
  path: Assets/Photon/PhotonChat
  artifactKey: Guid(ea05e6479d592944d955c2a5e1a6d6f1) Importer(815301076,1909f56bfc062723c751e8b465ee728b)
Start importing Assets/Photon/PhotonChat using Guid(ea05e6479d592944d955c2a5e1a6d6f1) Importer(815301076,1909f56bfc062723c751e8b465ee728b) [PhysX] Initialized MultithreadedTaskDispatcher with 12 workers.
 -> (artifact id: 'dd3ae4fd1bd9ae9d5a99e735b88e6b93') in 0.003843 seconds
Number of updated asset objects reloaded before import = 0
Number of asset objects unloaded after import = 0
========================================================================
Received Import Request.
  Time since last request: 1.476045 seconds.
  path: Assets/Photon/PhotonChat/Code
  artifactKey: Guid(af83a98aaa4f7b64eb7fcec95ee7b1ed) Importer(815301076,1909f56bfc062723c751e8b465ee728b)
Start importing Assets/Photon/PhotonChat/Code using Guid(af83a98aaa4f7b64eb7fcec95ee7b1ed) Importer(815301076,1909f56bfc062723c751e8b465ee728b) [PhysX] Initialized MultithreadedTaskDispatcher with 12 workers.
 -> (artifact id: '44c19281460f1f67d29314fcdea884ae') in 0.000891 seconds
Number of updated asset objects reloaded before import = 0
Number of asset objects unloaded after import = 0
========================================================================
Received Import Request.
  Time since last request: 5.865378 seconds.
  path: Assets/Photon/PhotonChat/Demos
  artifactKey: Guid(801c62f7d03cb463ba20067deb330234) Importer(815301076,1909f56bfc062723c751e8b465ee728b)
Start importing Assets/Photon/PhotonChat/Demos using Guid(801c62f7d03cb463ba20067deb330234) Importer(815301076,1909f56bfc062723c751e8b465ee728b) [PhysX] Initialized MultithreadedTaskDispatcher with 12 workers.
 -> (artifact id: '4fd157ddb66e4866285afe995c66e1ae') in 0.001110 seconds
Number of updated asset objects reloaded before import = 0
Number of asset objects unloaded after import = 0
========================================================================
Received Import Request.
  Time since last request: 1.975155 seconds.
  path: Assets/Photon/PhotonChat/Demos/Common
  artifactKey: Guid(1aab6e4c105054f7e91af2cf027064d1) Importer(815301076,1909f56bfc062723c751e8b465ee728b)
Start importing Assets/Photon/PhotonChat/Demos/Common using Guid(1aab6e4c105054f7e91af2cf027064d1) Importer(815301076,1909f56bfc062723c751e8b465ee728b) [PhysX] Initialized MultithreadedTaskDispatcher with 12 workers.
 -> (artifact id: '60550ea4135344f26f2dd1c6dff13061') in 0.000809 seconds
Number of updated asset objects reloaded before import = 0
Number of asset objects unloaded after import = 0
========================================================================
Received Import Request.
  Time since last request: 4.164932 seconds.
  path: Assets/Photon/PhotonChat/Demos/DemoChat
  artifactKey: Guid(4e3a46219ebf94310a9f347733f88f31) Importer(815301076,1909f56bfc062723c751e8b465ee728b)
Start importing Assets/Photon/PhotonChat/Demos/DemoChat using Guid(4e3a46219ebf94310a9f347733f88f31) Importer(815301076,1909f56bfc062723c751e8b465ee728b) [PhysX] Initialized MultithreadedTaskDispatcher with 12 workers.
 -> (artifact id: '8d963cc3bfa55826bf254199d421d3d1') in 0.000570 seconds
Number of updated asset objects reloaded before import = 0
Number of asset objects unloaded after import = 0
========================================================================
Received Import Request.
  Time since last request: 3.830838 seconds.
  path: Assets/Photon/PhotonChat/Demos/DemoChat/DemoChat-Scene.unity
  artifactKey: Guid(ec07267f6a28fb044ac89845274e79af) Importer(815301076,1909f56bfc062723c751e8b465ee728b)
Start importing Assets/Photon/PhotonChat/Demos/DemoChat/DemoChat-Scene.unity using Guid(ec07267f6a28fb044ac89845274e79af) Importer(815301076,1909f56bfc062723c751e8b465ee728b) [PhysX] Initialized MultithreadedTaskDispatcher with 12 workers.
 -> (artifact id: '6fc3571eeaa0e874613de49ee97c5394') in 0.000649 seconds
Number of updated asset objects reloaded before import = 0
Number of asset objects unloaded after import = 0
========================================================================
Received Import Request.
  Time since last request: 95.720421 seconds.
  path: Assets/Scenes
  artifactKey: Guid(6bc785b948c120e429f0b938b906b535) Importer(815301076,1909f56bfc062723c751e8b465ee728b)
Start importing Assets/Scenes using Guid(6bc785b948c120e429f0b938b906b535) Importer(815301076,1909f56bfc062723c751e8b465ee728b) [PhysX] Initialized MultithreadedTaskDispatcher with 12 workers.
 -> (artifact id: '41492a88499a2c66c16d8100c7d4f245') in 0.000634 seconds
Number of updated asset objects reloaded before import = 0
Number of asset objects unloaded after import = 0
========================================================================
Received Import Request.
  Time since last request: 1.314239 seconds.
  path: Assets/Scenes/SampleScene.unity
  artifactKey: Guid(99c9720ab356a0642a771bea13969a05) Importer(815301076,1909f56bfc062723c751e8b465ee728b)
Start importing Assets/Scenes/SampleScene.unity using Guid(99c9720ab356a0642a771bea13969a05) Importer(815301076,1909f56bfc062723c751e8b465ee728b) [PhysX] Initialized MultithreadedTaskDispatcher with 12 workers.
 -> (artifact id: '4b68b9603c0bf85852985c520e88c8e0') in 0.000609 seconds
Number of updated asset objects reloaded before import = 0
Number of asset objects unloaded after import = 0
========================================================================
Received Import Request.
  Time since last request: 533.893405 seconds.
  path: Assets/Scenes/LobbyScene.unity
  artifactKey: Guid(99c9720ab356a0642a771bea13969a05) Importer(815301076,1909f56bfc062723c751e8b465ee728b)
Start importing Assets/Scenes/LobbyScene.unity using Guid(99c9720ab356a0642a771bea13969a05) Importer(815301076,1909f56bfc062723c751e8b465ee728b) [PhysX] Initialized MultithreadedTaskDispatcher with 12 workers.
 -> (artifact id: '01017199c3c7ca8eac3be714904c73d2') in 0.001148 seconds
Number of updated asset objects reloaded before import = 0
Number of asset objects unloaded after import = 0
========================================================================
Received Import Request.
  Time since last request: 3.148029 seconds.
  path: Assets/Scenes/LobbyScene.unity
  artifactKey: Guid(99c9720ab356a0642a771bea13969a05) Importer(815301076,1909f56bfc062723c751e8b465ee728b)
Start importing Assets/Scenes/LobbyScene.unity using Guid(99c9720ab356a0642a771bea13969a05) Importer(815301076,1909f56bfc062723c751e8b465ee728b) [PhysX] Initialized MultithreadedTaskDispatcher with 12 workers.
 -> (artifact id: 'aa01a634439a58c72f481c9c9f1d7149') in 0.001107 seconds
Number of updated asset objects reloaded before import = 0
Number of asset objects unloaded after import = 0
========================================================================
Received Import Request.
  Time since last request: 360.618653 seconds.
  path: Assets/Photon/PhotonUnityNetworking/Resources/PhotonServerSettings.asset
  artifactKey: Guid(15b253b6a0587c345b9f0e2ec8dd3afe) Importer(815301076,1909f56bfc062723c751e8b465ee728b)
Start importing Assets/Photon/PhotonUnityNetworking/Resources/PhotonServerSettings.asset using Guid(15b253b6a0587c345b9f0e2ec8dd3afe) Importer(815301076,1909f56bfc062723c751e8b465ee728b) [PhysX] Initialized MultithreadedTaskDispatcher with 12 workers.
 -> (artifact id: 'e3ae63c7d0335780462edc5c753b418c') in 0.019365 seconds
Number of updated asset objects reloaded before import = 0
Number of asset objects unloaded after import = 1
========================================================================
Received Import Request.
  Time since last request: 9.839447 seconds.
  path: Assets/Photon/PhotonUnityNetworking/Resources/PhotonServerSettings.asset
  artifactKey: Guid(15b253b6a0587c345b9f0e2ec8dd3afe) Importer(815301076,1909f56bfc062723c751e8b465ee728b)
Start importing Assets/Photon/PhotonUnityNetworking/Resources/PhotonServerSettings.asset using Guid(15b253b6a0587c345b9f0e2ec8dd3afe) Importer(815301076,1909f56bfc062723c751e8b465ee728b) [PhysX] Initialized MultithreadedTaskDispatcher with 12 workers.
 -> (artifact id: 'ae654c8a0ebdb1023852b64f35e3e535') in 0.001552 seconds
Number of updated asset objects reloaded before import = 0
Number of asset objects unloaded after import = 1
========================================================================
Received Import Request.
  Time since last request: 157.237964 seconds.
  path: Assets/Photon
  artifactKey: Guid(98951132346795f438babe7a3183da43) Importer(815301076,1909f56bfc062723c751e8b465ee728b)
Start importing Assets/Photon using Guid(98951132346795f438babe7a3183da43) Importer(815301076,1909f56bfc062723c751e8b465ee728b) [PhysX] Initialized MultithreadedTaskDispatcher with 12 workers.
 -> (artifact id: 'bda4752146724cddbc78d7f3065f4dc6') in 0.000936 seconds
Number of updated asset objects reloaded before import = 0
Number of asset objects unloaded after import = 0
========================================================================
Received Prepare
Caller must complete domain reload
Begin MonoManager ReloadAssembly
- Loaded All Assemblies, in  2.433 seconds
Native extension for UWP target not found
Native extension for WindowsStandalone target not found
Native extension for Android target not found
Native extension for WebGL target not found
Mono: successfully reloaded assembly
- Finished resetting the current domain, in  6.741 seconds
Domain Reload Profiling: 9161ms
	BeginReloadAssembly (643ms)
		ExecutionOrderSort (0ms)
		DisableScriptedObjects (18ms)
		BackupInstance (0ms)
		ReleaseScriptingObjects (0ms)
		CreateAndSetChildDomain (130ms)
	RebuildCommonClasses (136ms)
	RebuildNativeTypeToScriptingClass (42ms)
	initialDomainReloadingComplete (139ms)
	LoadAllAssembliesAndSetupDomain (1457ms)
		LoadAssemblies (1396ms)
		RebuildTransferFunctionScriptingTraits (0ms)
		AnalyzeDomain (446ms)
			TypeCache.Refresh (342ms)
				TypeCache.ScanAssembly (298ms)
			ScanForSourceGeneratedMonoScriptInfo (57ms)
			ResolveRequiredComponents (41ms)
	FinalizeReload (6743ms)
		ReleaseScriptCaches (0ms)
		RebuildScriptCaches (0ms)
		SetupLoadedEditorAssemblies (2083ms)
			LogAssemblyErrors (0ms)
			InitializePlatformSupportModulesInManaged (157ms)
			SetLoadedEditorAssemblies (11ms)
			RefreshPlugins (0ms)
			BeforeProcessingInitializeOnLoad (282ms)
			ProcessInitializeOnLoadAttributes (1330ms)
			ProcessInitializeOnLoadMethodAttributes (261ms)
			AfterProcessingInitializeOnLoad (40ms)
			EditorAssembliesLoaded (0ms)
		ExecutionOrderSort2 (0ms)
		AwakeInstancesAfterBackupRestoration (80ms)
Refreshing native plugins compatible for Editor in 16.06 ms, found 3 plugins.
Preloading 0 native plugins for Editor in 0.00 ms.
Unloading 4747 Unused Serialized files (Serialized files now loaded: 0)
Unloading 214 unused Assets / (416.6 KB). Loaded Objects now: 5391.
Memory consumption went from 171.5 MB to 171.1 MB.
Total: 12.299700 ms (FindLiveObjects: 0.998400 ms CreateObjectMapping: 0.648000 ms MarkObjects: 9.816300 ms  DeleteObjects: 0.833600 ms)

Prepare: number of updated asset objects reloaded= 1
AssetImportParameters requested are different than current active one (requested -> active):
  custom:container-demuxer-ogg: 62fdf1f143b41e24485cea50d1cbac27 -> 
  custom:video-codec-MediaFoundation-h265: 746d11721c4dcdbdad8f713fa42b33f4 -> 
  custom:video-decoder-ogg-theora: a1e56fd34408186e4bbccfd4996cb3dc -> 
  custom:framework-win-MediaFoundation: 216162199b28c13a410421893ffa2e32 -> 
  custom:scripting/monoscript/fileName/ChatEditor.cs: ab8170989c9ef6b66a1ee90f84cc5f2f -> 
  custom:CustomObjectIndexerAttribute: 72b91833f83ae208fae7752999fa3104 -> 
  custom:container-demuxer-webm: 4f35f7cbe854078d1ac9338744f61a02 -> 
  custom:container-muxer-webm: aa71ff27fc2769a1b78a27578f13a17b -> 
  custom:video-decoder-webm-vp8: 9c59270c3fd7afecdb556c50c9e8de78 -> 
  custom:SearchIndexIgnoredProperties: e643bd26f0fe6173181afceb89e7c659 -> 
  custom:AudioImporter_EditorPlatform: d09bf68614088b80899f8185d706f6e7 -> 
  custom:video-encoder-webm-vp8: eb34c28f22e8b96e1ab97ce403110664 -> 
  custom:audio-decoder-ogg-vorbis: bf7c407c2cedff20999df2af8eb42d56 -> 
  custom:scripting/monoscript/fileName/PhotonAppSettings.cs: 8b612295ab1bfb5d19f8bf60b0a9cae5 -> 
  custom:audio-encoder-webm-vorbis: bf7c407c2cedff20999df2af8eb42d56 -> 
  custom:scripting/precompiled-assembly-types:Assembly-CSharp: 20cdaaa988618e7c32f4baf96f88c255 -> 19b16f164f4b9dfccc2b18722de007c1
  custom:scripting/precompiled-assembly-types:PunDemos.DemoHubEditor:  -> f97a5d20e1b8556d51e739d7bb9826c6
  custom:scripting/precompiled-assembly-types:websocket-sharp:  -> 14fbe16c400853e620dbee885c09856b
  custom:scripting/precompiled-assembly-types:Photon3Unity3D:  -> c6b5832f40bb2e6733b55db4d782a76d
  custom:scripting/precompiled-assembly-types:PhotonChat:  -> 9fb4a95dff8e4bb0341559d3196dd5d3
  custom:scripting/precompiled-assembly-types:PhotonUnityNetworking.Utilities.Culling.Editor:  -> 1c65dd968915d77191f2941086ccc40a
  custom:scripting/precompiled-assembly-types:PhotonRealtime:  -> eaf47285b61cc633c9f08cb0bca9d92b
  custom:scripting/precompiled-assembly-types:PhotonUnityNetworking.Demos:  -> bceb1a8336066edb7c649a54c4f92dc3
  custom:scripting/precompiled-assembly-types:PhotonUnityNetworking:  -> f44f6652a5e0b148f732363c4937ae4d
  custom:scripting/precompiled-assembly-types:PunDemos.DemoSlotcarEditor:  -> 26559dd76904ca0aff3cfa22c4c681e2
  custom:scripting/precompiled-assembly-types:PhotonUnityNetworking.Utilities:  -> 4529229ae7432fc9dea7353effde8578
  custom:scripting/precompiled-assembly-types:PhotonUnityNetworking.Utilities.PhotonPlayer.Editor:  -> 505abf32685786fe9ae158a097994203
  custom:scripting/precompiled-assembly-types:PhotonUnityNetworking.Editor:  -> 381bd82cb89af4cb5a328e5ab5163ccc
========================================================================
Received Prepare
Caller must complete domain reload
Begin MonoManager ReloadAssembly
- Loaded All Assemblies, in  0.750 seconds
Native extension for UWP target not found
Native extension for WindowsStandalone target not found
Native extension for Android target not found
Native extension for WebGL target not found
<color>[FusionEditor/Installer]</color> Setting PlayerSettings.runInBackground to true
UnityEngine.StackTraceUtility:ExtractStackTrace ()
UnityEngine.DebugLogHandler:LogFormat (UnityEngine.LogType,UnityEngine.Object,string,object[])
UnityEngine.Logger:Log (UnityEngine.LogType,object)
UnityEngine.Debug:Log (object)
Fusion.FusionEditorLog:LogInstaller (string)
Fusion.Editor.FusionInstaller:.cctor () (at Assets/Photon/Fusion/Editor/Fusion.Unity.Editor.cs:12052)
System.Runtime.CompilerServices.RuntimeHelpers:RunClassConstructor (System.RuntimeTypeHandle)
UnityEditor.EditorAssemblies:ProcessInitializeOnLoadAttributes (System.Type[])

(Filename: Assets/Photon/Fusion/Editor/Fusion.Unity.Editor.cs Line: 12052)

<color>[FusionEditor/Installer]</color> Adding Fusion Define Symbol: 'FUSION_WEAVER'
UnityEngine.StackTraceUtility:ExtractStackTrace ()
UnityEngine.DebugLogHandler:LogFormat (UnityEngine.LogType,UnityEngine.Object,string,object[])
UnityEngine.Logger:Log (UnityEngine.LogType,object)
UnityEngine.Debug:Log (object)
Fusion.FusionEditorLog:LogInstaller (string)
Fusion.Editor.FusionInstaller:TryAddDefine (string&,string,System.Func`2<string, bool>) (at Assets/Photon/Fusion/Editor/Fusion.Unity.Editor.cs:12073)
Fusion.Editor.FusionInstaller:.cctor () (at Assets/Photon/Fusion/Editor/Fusion.Unity.Editor.cs:12060)
System.Runtime.CompilerServices.RuntimeHelpers:RunClassConstructor (System.RuntimeTypeHandle)
UnityEditor.EditorAssemblies:ProcessInitializeOnLoadAttributes (System.Type[])

(Filename: Assets/Photon/Fusion/Editor/Fusion.Unity.Editor.cs Line: 12073)

<color>[FusionEditor/Installer]</color> Adding Fusion Define Symbol: 'FUSION2'
UnityEngine.StackTraceUtility:ExtractStackTrace ()
UnityEngine.DebugLogHandler:LogFormat (UnityEngine.LogType,UnityEngine.Object,string,object[])
UnityEngine.Logger:Log (UnityEngine.LogType,object)
UnityEngine.Debug:Log (object)
Fusion.FusionEditorLog:LogInstaller (string)
Fusion.Editor.FusionInstaller:TryAddDefine (string&,string,System.Func`2<string, bool>) (at Assets/Photon/Fusion/Editor/Fusion.Unity.Editor.cs:12073)
Fusion.Editor.FusionInstaller:.cctor () (at Assets/Photon/Fusion/Editor/Fusion.Unity.Editor.cs:12061)
System.Runtime.CompilerServices.RuntimeHelpers:RunClassConstructor (System.RuntimeTypeHandle)
UnityEditor.EditorAssemblies:ProcessInitializeOnLoadAttributes (System.Type[])

(Filename: Assets/Photon/Fusion/Editor/Fusion.Unity.Editor.cs Line: 12073)

[ScriptCompilation] NOT recompiling all scripts because this is an import worker process. Reason to compile was: Define symbols changed
Mono: successfully reloaded assembly
- Finished resetting the current domain, in  1.705 seconds
Domain Reload Profiling: 2452ms
	BeginReloadAssembly (189ms)
		ExecutionOrderSort (0ms)
		DisableScriptedObjects (8ms)
		BackupInstance (0ms)
		ReleaseScriptingObjects (0ms)
		CreateAndSetChildDomain (37ms)
	RebuildCommonClasses (39ms)
	RebuildNativeTypeToScriptingClass (10ms)
	initialDomainReloadingComplete (36ms)
	LoadAllAssembliesAndSetupDomain (471ms)
		LoadAssemblies (429ms)
		RebuildTransferFunctionScriptingTraits (0ms)
		AnalyzeDomain (150ms)
			TypeCache.Refresh (117ms)
				TypeCache.ScanAssembly (105ms)
			ScanForSourceGeneratedMonoScriptInfo (22ms)
			ResolveRequiredComponents (10ms)
	FinalizeReload (1706ms)
		ReleaseScriptCaches (0ms)
		RebuildScriptCaches (0ms)
		SetupLoadedEditorAssemblies (872ms)
			LogAssemblyErrors (0ms)
			InitializePlatformSupportModulesInManaged (50ms)
			SetLoadedEditorAssemblies (7ms)
			RefreshPlugins (0ms)
			BeforeProcessingInitializeOnLoad (140ms)
			ProcessInitializeOnLoadAttributes (619ms)
			ProcessInitializeOnLoadMethodAttributes (46ms)
			AfterProcessingInitializeOnLoad (9ms)
			EditorAssembliesLoaded (0ms)
		ExecutionOrderSort2 (0ms)
		AwakeInstancesAfterBackupRestoration (19ms)
Refreshing native plugins compatible for Editor in 11.91 ms, found 4 plugins.
Preloading 0 native plugins for Editor in 0.00 ms.
Unloading 4794 Unused Serialized files (Serialized files now loaded: 0)
Unloading 28 unused Assets / (351.5 KB). Loaded Objects now: 5456.
Memory consumption went from 173.3 MB to 172.9 MB.
Total: 13.566600 ms (FindLiveObjects: 0.775700 ms CreateObjectMapping: 0.627200 ms MarkObjects: 11.575300 ms  DeleteObjects: 0.584900 ms)

Prepare: number of updated asset objects reloaded= 0
AssetImportParameters requested are different than current active one (requested -> active):
  custom:scripting/monoscript/fileName/FusionRunnerVisibilityControlsWindow.cs: 503e55d51d5bac9ff9db7e3128ab6896 -> 
  custom:container-demuxer-ogg: 62fdf1f143b41e24485cea50d1cbac27 -> 
  custom:video-codec-MediaFoundation-h265: 746d11721c4dcdbdad8f713fa42b33f4 -> 
  custom:scripting/precompiled-assembly-types:Fusion.Sockets: 96b7f418eb9014204622bec6ff514d2c -> 
  custom:video-decoder-ogg-theora: a1e56fd34408186e4bbccfd4996cb3dc -> 
  custom:scripting/monoscript/fileName/FusionBasicBillboard.cs: a80a3abf722bfab7012d987c953fb25b -> 
  custom:framework-win-MediaFoundation: 216162199b28c13a410421893ffa2e32 -> 
  custom:scripting/monoscript/fileName/NetworkProjectConfigImporterEditor.cs: 0b9c7f8db96d38ff89dc9f2e19e80a40 -> 
  custom:scripting/monoscript/fileName/EnableOnSingleRunner.cs: 9976ce768e23cc0678b095d30598d8cd -> 
  custom:scripting/monoscript/fileName/ChatEditor.cs: ab8170989c9ef6b66a1ee90f84cc5f2f -> 
  custom:scripting/monoscript/fileName/FusionWeaverTriggerImporter.cs: 5fc682d3abd06512b01d7350f2f8770a -> 
  custom:scripting/monoscript/fileName/Fusion.CodeGen.User.cs: 7518413c31be8fc7fe79dd8f5b20fa0c -> 
  custom:scripting/monoscript/fileName/FusionNetworkObjectStatistics.cs: 021db0ff7e2d9da1efde47d41baabec6 -> 
  custom:scripting/monoscript/fileName/FusionAddressablePrefabsPreloader.cs: 609c7194fc18608a6ba4972670be253b -> 
  custom:scripting/monoscript/fileName/FusionBootstrap.cs: 6c11197935a2055b5e9a8f3a7b6b3582 -> 
  custom:scripting/monoscript/fileName/NetworkCharacterController.cs: 0d9ab4a1b508efe718225ceffebd8e54 -> 
  custom:scripting/monoscript/fileName/NetworkObjectProviderDefault.cs: 0eb113b3784be4de9cc2f3cdcdf5e36c -> 
  custom:scripting/monoscript/fileName/FusionStatsConfig.cs: d07ac9fd432a3fe1fc143ca6057eefa0 -> 
  custom:CustomObjectIndexerAttribute: 72b91833f83ae208fae7752999fa3104 -> 
  custom:scripting/monoscript/fileName/FusionStatsGraphDefault.cs: 5ee101599c172926cb7544039c27358d -> 
  custom:container-demuxer-webm: 4f35f7cbe854078d1ac9338744f61a02 -> 
  custom:scripting/monoscript/fileName/FusionStatsPanelHeader.cs: 4548dffe5115cb5888d454a4d21545ba -> 
  custom:scripting/monoscript/fileName/Fusion.CodeGen.cs: 26059c16ede37a335af5b524696782d3 -> 
  custom:scripting/monoscript/fileName/RunnerVisibilityLink.cs: 6e4a2325960fce24f58edb6ee6b338d8 -> 
  custom:container-muxer-webm: aa71ff27fc2769a1b78a27578f13a17b -> 
  custom:video-decoder-webm-vp8: 9c59270c3fd7afecdb556c50c9e8de78 -> 
  custom:scripting/monoscript/fileName/NetworkPrefabsInspector.cs: d5690b6a52b511d4d789d0067f817a3c -> 
  custom:scripting/monoscript/fileName/Fusion.Unity.Editor.cs: 263dfbba8fab25fe4651132e45050425 -> 
  custom:scripting/precompiled-assembly-types:Fusion.Runtime: 62c8adbc61a4fc8c9059650291ec448a -> 
  custom:scripting/precompiled-assembly-types:Unity.Fusion.CodeGen: 94a38a5804186f316ca346410c4c108c -> 
  custom:scripting/monoscript/fileName/FusionStatsWorldAnchor.cs: e51e9d4336f8910a14a6d0db6934550f -> 
  custom:SearchIndexIgnoredProperties: e643bd26f0fe6173181afceb89e7c659 -> 
  custom:AudioImporter_EditorPlatform: d09bf68614088b80899f8185d706f6e7 -> 
  custom:scripting/monoscript/fileName/FusionNetworkObjectStatsGraph.cs: 9984a882a8791892508319702985b2a1 -> 
  custom:scripting/monoscript/fileName/RunnerLagCompensationGizmos.cs: f7028307a5d8b8de388a40efb20302af -> 
  custom:scripting/monoscript/fileName/RunnerVisibilityLinksRoot.cs: 64f229c02655e4ab1b3ad93c7368ccfe -> 
  custom:scripting/monoscript/fileName/Fusion.Unity.cs: f2ca333c3793d0f93e8106137e841d6b -> 
  custom:scripting/monoscript/fileName/FusionNetworkObjectStatsGraphCombine.cs: 504ba5016b23b7b24ba99fd9902d9b08 -> 
  custom:scripting/monoscript/fileName/RunnerEnableVisibility.cs: e1b57f1bd6fcbd3137975404af4bcf85 -> 
  custom:scripting/monoscript/fileName/FusionStatsCanvas.cs: 416da2e503a8c9751993b0a30323c49f -> 
  custom:scripting/monoscript/fileName/NetworkProjectConfigImporter.cs: a2caae9d85fed596662aa6841efc1b3e -> 
  custom:scripting/monoscript/fileName/FusionEditorConfigImporter.cs: efe09da10695ecc318b2a0af514b1210 -> 
  custom:video-encoder-webm-vp8: eb34c28f22e8b96e1ab97ce403110664 -> 
  custom:scripting/precompiled-assembly-types:Fusion.Realtime: e3c70eccb2f2a96408605e1bd2da19ec -> 
  custom:audio-decoder-ogg-vorbis: bf7c407c2cedff20999df2af8eb42d56 -> 
  custom:scripting/precompiled-assembly-types:Fusion.Common: 99c1c6ed442f1f95a07749bb02d7e3fd -> 
  custom:scripting/monoscript/fileName/FusionHubWindow.cs: 761ecf44afbbe98f819411be58e9da60 -> 
  custom:scripting/monoscript/fileName/PhotonAppSettings.cs: 8b612295ab1bfb5d19f8bf60b0a9cae5 -> 
  custom:scripting/precompiled-assembly-types:Fusion.Unity: df37f796591600e1dbe7e1db791f7e9a -> 
  custom:scripting/monoscript/fileName/FusionStatistics.cs: 106e5dd35e0be1ca1db7ee4ef56a87b5 -> 
  custom:scripting/monoscript/fileName/NetworkSceneManagerDefault.cs: 871a1346f3625e42e5be83f620052e51 -> 
  custom:scripting/precompiled-assembly-types:NanoSockets: 5215c3b157b18801e4d4a67db049f6fb -> 
  custom:scripting/monoscript/fileName/FusionBootstrapDebugGUI.cs: 371b4228dd1f5808b5897e19c03d546a -> 
  custom:audio-encoder-webm-vorbis: bf7c407c2cedff20999df2af8eb42d56 -> 
  custom:scripting/monoscript/fileName/RunnerAOIGizmos.cs: 8b1629a60417f80a3d501474e540ad3f -> 
  custom:scripting/monoscript/fileName/FusionEditorSkin.cs: c6dee1ba664a2a78ce51705f2322e50c -> 
  custom:scripting/precompiled-assembly-types:Fusion.Log: 093f99d101b7ad04a386b90ea972ba9f -> 
  custom:scripting/precompiled-assembly-types:Assembly-CSharp: 20cdaaa988618e7c32f4baf96f88c255 -> 19b16f164f4b9dfccc2b18722de007c1
  custom:scripting/precompiled-assembly-types:Fusion.Unity.Editor: 913ded7c0014f73c789b46cac4832fc4 -> 
  custom:scripting/precompiled-assembly-types:PunDemos.DemoHubEditor:  -> f97a5d20e1b8556d51e739d7bb9826c6
  custom:scripting/precompiled-assembly-types:PhotonChat:  -> 9fb4a95dff8e4bb0341559d3196dd5d3
  custom:scripting/precompiled-assembly-types:PhotonUnityNetworking.Utilities.Culling.Editor:  -> 1c65dd968915d77191f2941086ccc40a
  custom:scripting/precompiled-assembly-types:PhotonRealtime:  -> eaf47285b61cc633c9f08cb0bca9d92b
  custom:scripting/precompiled-assembly-types:PhotonUnityNetworking.Demos:  -> bceb1a8336066edb7c649a54c4f92dc3
  custom:scripting/precompiled-assembly-types:PhotonUnityNetworking:  -> f44f6652a5e0b148f732363c4937ae4d
  custom:scripting/precompiled-assembly-types:PunDemos.DemoSlotcarEditor:  -> 26559dd76904ca0aff3cfa22c4c681e2
  custom:scripting/precompiled-assembly-types:PhotonUnityNetworking.Utilities:  -> 4529229ae7432fc9dea7353effde8578
  custom:scripting/precompiled-assembly-types:PhotonUnityNetworking.Utilities.PhotonPlayer.Editor:  -> 505abf32685786fe9ae158a097994203
  custom:scripting/precompiled-assembly-types:PhotonUnityNetworking.Editor:  -> 381bd82cb89af4cb5a328e5ab5163ccc
========================================================================
Received Prepare
Caller must complete domain reload
Begin MonoManager ReloadAssembly
- Loaded All Assemblies, in  0.970 seconds
Native extension for UWP target not found
Native extension for WindowsStandalone target not found
Native extension for Android target not found
Native extension for WebGL target not found
<color>[FusionEditor/Installer]</color> Setting PlayerSettings.runInBackground to true
UnityEngine.StackTraceUtility:ExtractStackTrace ()
UnityEngine.DebugLogHandler:LogFormat (UnityEngine.LogType,UnityEngine.Object,string,object[])
UnityEngine.Logger:Log (UnityEngine.LogType,object)
UnityEngine.Debug:Log (object)
Fusion.FusionEditorLog:LogInstaller (string)
Fusion.Editor.FusionInstaller:.cctor () (at Assets/Photon/Fusion/Editor/Fusion.Unity.Editor.cs:12052)
System.Runtime.CompilerServices.RuntimeHelpers:RunClassConstructor (System.RuntimeTypeHandle)
UnityEditor.EditorAssemblies:ProcessInitializeOnLoadAttributes (System.Type[])

(Filename: Assets/Photon/Fusion/Editor/Fusion.Unity.Editor.cs Line: 12052)

<color>[FusionEditor/Installer]</color> Adding Fusion Define Symbol: 'FUSION_WEAVER'
UnityEngine.StackTraceUtility:ExtractStackTrace ()
UnityEngine.DebugLogHandler:LogFormat (UnityEngine.LogType,UnityEngine.Object,string,object[])
UnityEngine.Logger:Log (UnityEngine.LogType,object)
UnityEngine.Debug:Log (object)
Fusion.FusionEditorLog:LogInstaller (string)
Fusion.Editor.FusionInstaller:TryAddDefine (string&,string,System.Func`2<string, bool>) (at Assets/Photon/Fusion/Editor/Fusion.Unity.Editor.cs:12073)
Fusion.Editor.FusionInstaller:.cctor () (at Assets/Photon/Fusion/Editor/Fusion.Unity.Editor.cs:12060)
System.Runtime.CompilerServices.RuntimeHelpers:RunClassConstructor (System.RuntimeTypeHandle)
UnityEditor.EditorAssemblies:ProcessInitializeOnLoadAttributes (System.Type[])

(Filename: Assets/Photon/Fusion/Editor/Fusion.Unity.Editor.cs Line: 12073)

<color>[FusionEditor/Installer]</color> Adding Fusion Define Symbol: 'FUSION2'
UnityEngine.StackTraceUtility:ExtractStackTrace ()
UnityEngine.DebugLogHandler:LogFormat (UnityEngine.LogType,UnityEngine.Object,string,object[])
UnityEngine.Logger:Log (UnityEngine.LogType,object)
UnityEngine.Debug:Log (object)
Fusion.FusionEditorLog:LogInstaller (string)
Fusion.Editor.FusionInstaller:TryAddDefine (string&,string,System.Func`2<string, bool>) (at Assets/Photon/Fusion/Editor/Fusion.Unity.Editor.cs:12073)
Fusion.Editor.FusionInstaller:.cctor () (at Assets/Photon/Fusion/Editor/Fusion.Unity.Editor.cs:12061)
System.Runtime.CompilerServices.RuntimeHelpers:RunClassConstructor (System.RuntimeTypeHandle)
UnityEditor.EditorAssemblies:ProcessInitializeOnLoadAttributes (System.Type[])

(Filename: Assets/Photon/Fusion/Editor/Fusion.Unity.Editor.cs Line: 12073)

[ScriptCompilation] NOT recompiling all scripts because this is an import worker process. Reason to compile was: Define symbols changed
Mono: successfully reloaded assembly
- Finished resetting the current domain, in  1.670 seconds
Domain Reload Profiling: 2634ms
	BeginReloadAssembly (278ms)
		ExecutionOrderSort (0ms)
		DisableScriptedObjects (6ms)
		BackupInstance (0ms)
		ReleaseScriptingObjects (0ms)
		CreateAndSetChildDomain (56ms)
	RebuildCommonClasses (63ms)
	RebuildNativeTypeToScriptingClass (18ms)
	initialDomainReloadingComplete (56ms)
	LoadAllAssembliesAndSetupDomain (548ms)
		LoadAssemblies (546ms)
		RebuildTransferFunctionScriptingTraits (0ms)
		AnalyzeDomain (172ms)
			TypeCache.Refresh (133ms)
				TypeCache.ScanAssembly (117ms)
			ScanForSourceGeneratedMonoScriptInfo (25ms)
			ResolveRequiredComponents (12ms)
	FinalizeReload (1670ms)
		ReleaseScriptCaches (0ms)
		RebuildScriptCaches (0ms)
		SetupLoadedEditorAssemblies (924ms)
			LogAssemblyErrors (0ms)
			InitializePlatformSupportModulesInManaged (47ms)
			SetLoadedEditorAssemblies (7ms)
			RefreshPlugins (0ms)
			BeforeProcessingInitializeOnLoad (123ms)
			ProcessInitializeOnLoadAttributes (639ms)
			ProcessInitializeOnLoadMethodAttributes (84ms)
			AfterProcessingInitializeOnLoad (24ms)
			EditorAssembliesLoaded (0ms)
		ExecutionOrderSort2 (0ms)
		AwakeInstancesAfterBackupRestoration (40ms)
Refreshing native plugins compatible for Editor in 11.31 ms, found 4 plugins.
Preloading 0 native plugins for Editor in 0.00 ms.
Unloading 4799 Unused Serialized files (Serialized files now loaded: 0)
Unloading 32 unused Assets / (352.6 KB). Loaded Objects now: 5461.
Memory consumption went from 173.6 MB to 173.3 MB.
Total: 6.241000 ms (FindLiveObjects: 0.669100 ms CreateObjectMapping: 0.269000 ms MarkObjects: 4.930800 ms  DeleteObjects: 0.370100 ms)

Prepare: number of updated asset objects reloaded= 0
AssetImportParameters requested are different than current active one (requested -> active):
  custom:scripting/monoscript/fileName/FusionRunnerVisibilityControlsWindow.cs: 503e55d51d5bac9ff9db7e3128ab6896 -> 
  custom:container-demuxer-ogg: 62fdf1f143b41e24485cea50d1cbac27 -> 
  custom:video-codec-MediaFoundation-h265: 746d11721c4dcdbdad8f713fa42b33f4 -> 
  custom:scripting/precompiled-assembly-types:Fusion.Sockets: 96b7f418eb9014204622bec6ff514d2c -> 
  custom:video-decoder-ogg-theora: a1e56fd34408186e4bbccfd4996cb3dc -> 
  custom:scripting/monoscript/fileName/FusionBasicBillboard.cs: a80a3abf722bfab7012d987c953fb25b -> 
  custom:framework-win-MediaFoundation: 216162199b28c13a410421893ffa2e32 -> 
  custom:scripting/monoscript/fileName/NetworkProjectConfigImporterEditor.cs: 0b9c7f8db96d38ff89dc9f2e19e80a40 -> 
  custom:scripting/monoscript/fileName/EnableOnSingleRunner.cs: 9976ce768e23cc0678b095d30598d8cd -> 
  custom:scripting/monoscript/fileName/ChatEditor.cs: ab8170989c9ef6b66a1ee90f84cc5f2f -> 
  custom:scripting/monoscript/fileName/FusionWeaverTriggerImporter.cs: 5fc682d3abd06512b01d7350f2f8770a -> 
  custom:scripting/monoscript/fileName/Fusion.CodeGen.User.cs: 7518413c31be8fc7fe79dd8f5b20fa0c -> 
  custom:scripting/monoscript/fileName/FusionNetworkObjectStatistics.cs: 021db0ff7e2d9da1efde47d41baabec6 -> 
  custom:scripting/monoscript/fileName/FusionAddressablePrefabsPreloader.cs: 609c7194fc18608a6ba4972670be253b -> 
  custom:scripting/monoscript/fileName/FusionBootstrap.cs: 6c11197935a2055b5e9a8f3a7b6b3582 -> 
  custom:scripting/monoscript/fileName/NetworkCharacterController.cs: 0d9ab4a1b508efe718225ceffebd8e54 -> 
  custom:scripting/monoscript/fileName/NetworkObjectProviderDefault.cs: 0eb113b3784be4de9cc2f3cdcdf5e36c -> 
  custom:scripting/monoscript/fileName/FusionStatsConfig.cs: d07ac9fd432a3fe1fc143ca6057eefa0 -> 
  custom:CustomObjectIndexerAttribute: 72b91833f83ae208fae7752999fa3104 -> 
  custom:scripting/monoscript/fileName/FusionStatsGraphDefault.cs: 5ee101599c172926cb7544039c27358d -> 
  custom:scripting/precompiled-assembly-types:Mono.Cecil.Rocks: 5f71c6f5683af58c1bc2dc303f06a8f9 -> 
  custom:container-demuxer-webm: 4f35f7cbe854078d1ac9338744f61a02 -> 
  custom:scripting/monoscript/fileName/FusionStatsPanelHeader.cs: 4548dffe5115cb5888d454a4d21545ba -> 
  custom:scripting/monoscript/fileName/Fusion.CodeGen.cs: b9ff9c5a347ec7e6d58d9aa467d5ae96 -> 
  custom:scripting/monoscript/fileName/RunnerVisibilityLink.cs: 6e4a2325960fce24f58edb6ee6b338d8 -> 
  custom:scripting/precompiled-assembly-types:Mono.Cecil: a89b8974831fb168c35dab32ff4bc2ab -> 
  custom:container-muxer-webm: aa71ff27fc2769a1b78a27578f13a17b -> 
  custom:video-decoder-webm-vp8: 9c59270c3fd7afecdb556c50c9e8de78 -> 
  custom:scripting/monoscript/fileName/NetworkPrefabsInspector.cs: d5690b6a52b511d4d789d0067f817a3c -> 
  custom:scripting/monoscript/fileName/Fusion.Unity.Editor.cs: 263dfbba8fab25fe4651132e45050425 -> 
  custom:scripting/precompiled-assembly-types:Fusion.Runtime: 62c8adbc61a4fc8c9059650291ec448a -> 
  custom:scripting/precompiled-assembly-types:Unity.Fusion.CodeGen: dd835b8174dcc674fb162996218a6f3d -> 
  custom:scripting/monoscript/fileName/FusionStatsWorldAnchor.cs: e51e9d4336f8910a14a6d0db6934550f -> 
  custom:SearchIndexIgnoredProperties: e643bd26f0fe6173181afceb89e7c659 -> 
  custom:AudioImporter_EditorPlatform: d09bf68614088b80899f8185d706f6e7 -> 
  custom:scripting/monoscript/fileName/FusionNetworkObjectStatsGraph.cs: 9984a882a8791892508319702985b2a1 -> 
  custom:scripting/monoscript/fileName/RunnerLagCompensationGizmos.cs: f7028307a5d8b8de388a40efb20302af -> 
  custom:scripting/monoscript/fileName/RunnerVisibilityLinksRoot.cs: 64f229c02655e4ab1b3ad93c7368ccfe -> 
  custom:scripting/monoscript/fileName/Fusion.Unity.cs: f2ca333c3793d0f93e8106137e841d6b -> 
  custom:scripting/precompiled-assembly-types:Mono.Cecil.Mdb: eeaf3d2a18354879d00d7a56d9384f12 -> 
  custom:scripting/monoscript/fileName/FusionNetworkObjectStatsGraphCombine.cs: 504ba5016b23b7b24ba99fd9902d9b08 -> 
  custom:scripting/monoscript/fileName/RunnerEnableVisibility.cs: e1b57f1bd6fcbd3137975404af4bcf85 -> 
  custom:scripting/monoscript/fileName/FusionStatsCanvas.cs: 416da2e503a8c9751993b0a30323c49f -> 
  custom:scripting/monoscript/fileName/NetworkProjectConfigImporter.cs: a2caae9d85fed596662aa6841efc1b3e -> 
  custom:scripting/monoscript/fileName/FusionEditorConfigImporter.cs: efe09da10695ecc318b2a0af514b1210 -> 
  custom:video-encoder-webm-vp8: eb34c28f22e8b96e1ab97ce403110664 -> 
  custom:scripting/precompiled-assembly-types:Fusion.Realtime: e3c70eccb2f2a96408605e1bd2da19ec -> 
  custom:audio-decoder-ogg-vorbis: bf7c407c2cedff20999df2af8eb42d56 -> 
  custom:scripting/precompiled-assembly-types:Fusion.Common: 99c1c6ed442f1f95a07749bb02d7e3fd -> 
  custom:scripting/monoscript/fileName/FusionHubWindow.cs: 761ecf44afbbe98f819411be58e9da60 -> 
  custom:scripting/monoscript/fileName/PhotonAppSettings.cs: 8b612295ab1bfb5d19f8bf60b0a9cae5 -> 
  custom:scripting/precompiled-assembly-types:Fusion.Unity: df37f796591600e1dbe7e1db791f7e9a -> 
  custom:scripting/monoscript/fileName/FusionStatistics.cs: 106e5dd35e0be1ca1db7ee4ef56a87b5 -> 
  custom:scripting/monoscript/fileName/NetworkSceneManagerDefault.cs: 871a1346f3625e42e5be83f620052e51 -> 
  custom:scripting/precompiled-assembly-types:NanoSockets: 5215c3b157b18801e4d4a67db049f6fb -> 
  custom:scripting/precompiled-assembly-types:Mono.Cecil.Pdb: 8503f4121aa743c4dd93ab49beabf1b4 -> 
  custom:scripting/monoscript/fileName/FusionBootstrapDebugGUI.cs: 371b4228dd1f5808b5897e19c03d546a -> 
  custom:audio-encoder-webm-vorbis: bf7c407c2cedff20999df2af8eb42d56 -> 
  custom:scripting/monoscript/fileName/RunnerAOIGizmos.cs: 8b1629a60417f80a3d501474e540ad3f -> 
  custom:scripting/monoscript/fileName/FusionEditorSkin.cs: c6dee1ba664a2a78ce51705f2322e50c -> 
  custom:scripting/precompiled-assembly-types:Fusion.Log: 093f99d101b7ad04a386b90ea972ba9f -> 
  custom:scripting/precompiled-assembly-types:Assembly-CSharp: 20cdaaa988618e7c32f4baf96f88c255 -> 19b16f164f4b9dfccc2b18722de007c1
  custom:scripting/precompiled-assembly-types:Fusion.Unity.Editor: 913ded7c0014f73c789b46cac4832fc4 -> 
  custom:scripting/precompiled-assembly-types:PunDemos.DemoHubEditor:  -> f97a5d20e1b8556d51e739d7bb9826c6
  custom:scripting/precompiled-assembly-types:PhotonChat:  -> 9fb4a95dff8e4bb0341559d3196dd5d3
  custom:scripting/precompiled-assembly-types:PhotonUnityNetworking.Utilities.Culling.Editor:  -> 1c65dd968915d77191f2941086ccc40a
  custom:scripting/precompiled-assembly-types:PhotonRealtime:  -> eaf47285b61cc633c9f08cb0bca9d92b
  custom:scripting/precompiled-assembly-types:PhotonUnityNetworking.Demos:  -> bceb1a8336066edb7c649a54c4f92dc3
  custom:scripting/precompiled-assembly-types:PhotonUnityNetworking:  -> f44f6652a5e0b148f732363c4937ae4d
  custom:scripting/precompiled-assembly-types:PunDemos.DemoSlotcarEditor:  -> 26559dd76904ca0aff3cfa22c4c681e2
  custom:scripting/precompiled-assembly-types:PhotonUnityNetworking.Utilities:  -> 4529229ae7432fc9dea7353effde8578
  custom:scripting/precompiled-assembly-types:PhotonUnityNetworking.Utilities.PhotonPlayer.Editor:  -> 505abf32685786fe9ae158a097994203
  custom:scripting/precompiled-assembly-types:PhotonUnityNetworking.Editor:  -> 381bd82cb89af4cb5a328e5ab5163ccc
========================================================================
Received Prepare
Caller must complete domain reload
Begin MonoManager ReloadAssembly
- Loaded All Assemblies, in  0.671 seconds
Native extension for UWP target not found
Native extension for WindowsStandalone target not found
Native extension for Android target not found
Native extension for WebGL target not found
<color>[FusionEditor/Installer]</color> Setting PlayerSettings.runInBackground to true
UnityEngine.StackTraceUtility:ExtractStackTrace ()
UnityEngine.DebugLogHandler:LogFormat (UnityEngine.LogType,UnityEngine.Object,string,object[])
UnityEngine.Logger:Log (UnityEngine.LogType,object)
UnityEngine.Debug:Log (object)
Fusion.FusionEditorLog:LogInstaller (string)
Fusion.Editor.FusionInstaller:.cctor () (at Assets/Photon/Fusion/Editor/Fusion.Unity.Editor.cs:12052)
System.Runtime.CompilerServices.RuntimeHelpers:RunClassConstructor (System.RuntimeTypeHandle)
UnityEditor.EditorAssemblies:ProcessInitializeOnLoadAttributes (System.Type[])

(Filename: Assets/Photon/Fusion/Editor/Fusion.Unity.Editor.cs Line: 12052)

<color>[FusionEditor/Installer]</color> Adding Fusion Define Symbol: 'FUSION_WEAVER'
UnityEngine.StackTraceUtility:ExtractStackTrace ()
UnityEngine.DebugLogHandler:LogFormat (UnityEngine.LogType,UnityEngine.Object,string,object[])
UnityEngine.Logger:Log (UnityEngine.LogType,object)
UnityEngine.Debug:Log (object)
Fusion.FusionEditorLog:LogInstaller (string)
Fusion.Editor.FusionInstaller:TryAddDefine (string&,string,System.Func`2<string, bool>) (at Assets/Photon/Fusion/Editor/Fusion.Unity.Editor.cs:12073)
Fusion.Editor.FusionInstaller:.cctor () (at Assets/Photon/Fusion/Editor/Fusion.Unity.Editor.cs:12060)
System.Runtime.CompilerServices.RuntimeHelpers:RunClassConstructor (System.RuntimeTypeHandle)
UnityEditor.EditorAssemblies:ProcessInitializeOnLoadAttributes (System.Type[])

(Filename: Assets/Photon/Fusion/Editor/Fusion.Unity.Editor.cs Line: 12073)

<color>[FusionEditor/Installer]</color> Adding Fusion Define Symbol: 'FUSION2'
UnityEngine.StackTraceUtility:ExtractStackTrace ()
UnityEngine.DebugLogHandler:LogFormat (UnityEngine.LogType,UnityEngine.Object,string,object[])
UnityEngine.Logger:Log (UnityEngine.LogType,object)
UnityEngine.Debug:Log (object)
Fusion.FusionEditorLog:LogInstaller (string)
Fusion.Editor.FusionInstaller:TryAddDefine (string&,string,System.Func`2<string, bool>) (at Assets/Photon/Fusion/Editor/Fusion.Unity.Editor.cs:12073)
Fusion.Editor.FusionInstaller:.cctor () (at Assets/Photon/Fusion/Editor/Fusion.Unity.Editor.cs:12061)
System.Runtime.CompilerServices.RuntimeHelpers:RunClassConstructor (System.RuntimeTypeHandle)
UnityEditor.EditorAssemblies:ProcessInitializeOnLoadAttributes (System.Type[])

(Filename: Assets/Photon/Fusion/Editor/Fusion.Unity.Editor.cs Line: 12073)

[ScriptCompilation] NOT recompiling all scripts because this is an import worker process. Reason to compile was: Define symbols changed
Mono: successfully reloaded assembly
- Finished resetting the current domain, in  1.624 seconds
Domain Reload Profiling: 2294ms
	BeginReloadAssembly (200ms)
		ExecutionOrderSort (0ms)
		DisableScriptedObjects (6ms)
		BackupInstance (0ms)
		ReleaseScriptingObjects (0ms)
		CreateAndSetChildDomain (44ms)
	RebuildCommonClasses (44ms)
	RebuildNativeTypeToScriptingClass (12ms)
	initialDomainReloadingComplete (48ms)
	LoadAllAssembliesAndSetupDomain (364ms)
		LoadAssemblies (414ms)
		RebuildTransferFunctionScriptingTraits (0ms)
		AnalyzeDomain (62ms)
			TypeCache.Refresh (12ms)
				TypeCache.ScanAssembly (0ms)
			ScanForSourceGeneratedMonoScriptInfo (34ms)
			ResolveRequiredComponents (15ms)
	FinalizeReload (1626ms)
		ReleaseScriptCaches (0ms)
		RebuildScriptCaches (0ms)
		SetupLoadedEditorAssemblies (872ms)
			LogAssemblyErrors (0ms)
			InitializePlatformSupportModulesInManaged (30ms)
			SetLoadedEditorAssemblies (4ms)
			RefreshPlugins (0ms)
			BeforeProcessingInitializeOnLoad (97ms)
			ProcessInitializeOnLoadAttributes (652ms)
			ProcessInitializeOnLoadMethodAttributes (76ms)
			AfterProcessingInitializeOnLoad (13ms)
			EditorAssembliesLoaded (1ms)
		ExecutionOrderSort2 (0ms)
		AwakeInstancesAfterBackupRestoration (30ms)
Refreshing native plugins compatible for Editor in 16.26 ms, found 4 plugins.
Preloading 0 native plugins for Editor in 0.00 ms.
Unloading 4799 Unused Serialized files (Serialized files now loaded: 0)
Unloading 32 unused Assets / (352.3 KB). Loaded Objects now: 5465.
Memory consumption went from 173.6 MB to 173.3 MB.
Total: 7.507200 ms (FindLiveObjects: 0.768200 ms CreateObjectMapping: 0.275100 ms MarkObjects: 6.118200 ms  DeleteObjects: 0.342100 ms)

Prepare: number of updated asset objects reloaded= 0
AssetImportParameters requested are different than current active one (requested -> active):
  custom:scripting/monoscript/fileName/FusionRunnerVisibilityControlsWindow.cs: 503e55d51d5bac9ff9db7e3128ab6896 -> 
  custom:container-demuxer-ogg: 62fdf1f143b41e24485cea50d1cbac27 -> 
  custom:video-codec-MediaFoundation-h265: 746d11721c4dcdbdad8f713fa42b33f4 -> 
  custom:scripting/precompiled-assembly-types:Fusion.Sockets: 96b7f418eb9014204622bec6ff514d2c -> 
  custom:video-decoder-ogg-theora: a1e56fd34408186e4bbccfd4996cb3dc -> 
  custom:scripting/monoscript/fileName/FusionBasicBillboard.cs: a80a3abf722bfab7012d987c953fb25b -> 
  custom:framework-win-MediaFoundation: 216162199b28c13a410421893ffa2e32 -> 
  custom:scripting/monoscript/fileName/NetworkProjectConfigImporterEditor.cs: 0b9c7f8db96d38ff89dc9f2e19e80a40 -> 
  custom:scripting/monoscript/fileName/EnableOnSingleRunner.cs: 9976ce768e23cc0678b095d30598d8cd -> 
  custom:scripting/monoscript/fileName/ChatEditor.cs: ab8170989c9ef6b66a1ee90f84cc5f2f -> 
  custom:scripting/monoscript/fileName/FusionWeaverTriggerImporter.cs: 5fc682d3abd06512b01d7350f2f8770a -> 
  custom:scripting/monoscript/fileName/Fusion.CodeGen.User.cs: 7518413c31be8fc7fe79dd8f5b20fa0c -> 
  custom:scripting/monoscript/fileName/FusionNetworkObjectStatistics.cs: 021db0ff7e2d9da1efde47d41baabec6 -> 
  custom:scripting/monoscript/fileName/FusionAddressablePrefabsPreloader.cs: 609c7194fc18608a6ba4972670be253b -> 
  custom:scripting/monoscript/fileName/FusionBootstrap.cs: 6c11197935a2055b5e9a8f3a7b6b3582 -> 
  custom:scripting/monoscript/fileName/NetworkCharacterController.cs: 0d9ab4a1b508efe718225ceffebd8e54 -> 
  custom:scripting/monoscript/fileName/NetworkObjectProviderDefault.cs: 0eb113b3784be4de9cc2f3cdcdf5e36c -> 
  custom:scripting/monoscript/fileName/FusionStatsConfig.cs: d07ac9fd432a3fe1fc143ca6057eefa0 -> 
  custom:CustomObjectIndexerAttribute: 72b91833f83ae208fae7752999fa3104 -> 
  custom:scripting/monoscript/fileName/FusionStatsGraphDefault.cs: 5ee101599c172926cb7544039c27358d -> 
  custom:scripting/precompiled-assembly-types:Mono.Cecil.Rocks: 5f71c6f5683af58c1bc2dc303f06a8f9 -> 
  custom:container-demuxer-webm: 4f35f7cbe854078d1ac9338744f61a02 -> 
  custom:scripting/monoscript/fileName/FusionStatsPanelHeader.cs: 4548dffe5115cb5888d454a4d21545ba -> 
  custom:scripting/monoscript/fileName/Fusion.CodeGen.cs: b9ff9c5a347ec7e6d58d9aa467d5ae96 -> 
  custom:scripting/monoscript/fileName/RunnerVisibilityLink.cs: 6e4a2325960fce24f58edb6ee6b338d8 -> 
  custom:scripting/precompiled-assembly-types:Mono.Cecil: a89b8974831fb168c35dab32ff4bc2ab -> 
  custom:container-muxer-webm: aa71ff27fc2769a1b78a27578f13a17b -> 
  custom:video-decoder-webm-vp8: 9c59270c3fd7afecdb556c50c9e8de78 -> 
  custom:scripting/monoscript/fileName/NetworkPrefabsInspector.cs: d5690b6a52b511d4d789d0067f817a3c -> 
  custom:scripting/monoscript/fileName/Fusion.Unity.Editor.cs: 263dfbba8fab25fe4651132e45050425 -> 
  custom:scripting/precompiled-assembly-types:Fusion.Runtime: 62c8adbc61a4fc8c9059650291ec448a -> 
  custom:scripting/precompiled-assembly-types:Unity.Fusion.CodeGen: dd835b8174dcc674fb162996218a6f3d -> 
  custom:scripting/monoscript/fileName/FusionStatsWorldAnchor.cs: e51e9d4336f8910a14a6d0db6934550f -> 
  custom:SearchIndexIgnoredProperties: e643bd26f0fe6173181afceb89e7c659 -> 
  custom:AudioImporter_EditorPlatform: d09bf68614088b80899f8185d706f6e7 -> 
  custom:scripting/monoscript/fileName/FusionNetworkObjectStatsGraph.cs: 9984a882a8791892508319702985b2a1 -> 
  custom:scripting/monoscript/fileName/RunnerLagCompensationGizmos.cs: f7028307a5d8b8de388a40efb20302af -> 
  custom:scripting/monoscript/fileName/RunnerVisibilityLinksRoot.cs: 64f229c02655e4ab1b3ad93c7368ccfe -> 
  custom:scripting/monoscript/fileName/Fusion.Unity.cs: f2ca333c3793d0f93e8106137e841d6b -> 
  custom:scripting/precompiled-assembly-types:Mono.Cecil.Mdb: eeaf3d2a18354879d00d7a56d9384f12 -> 
  custom:scripting/monoscript/fileName/FusionNetworkObjectStatsGraphCombine.cs: 504ba5016b23b7b24ba99fd9902d9b08 -> 
  custom:scripting/monoscript/fileName/RunnerEnableVisibility.cs: e1b57f1bd6fcbd3137975404af4bcf85 -> 
  custom:scripting/monoscript/fileName/FusionStatsCanvas.cs: 416da2e503a8c9751993b0a30323c49f -> 
  custom:scripting/monoscript/fileName/NetworkProjectConfigImporter.cs: a2caae9d85fed596662aa6841efc1b3e -> 
  custom:scripting/monoscript/fileName/FusionEditorConfigImporter.cs: efe09da10695ecc318b2a0af514b1210 -> 
  custom:video-encoder-webm-vp8: eb34c28f22e8b96e1ab97ce403110664 -> 
  custom:scripting/precompiled-assembly-types:Fusion.Realtime: e3c70eccb2f2a96408605e1bd2da19ec -> 
  custom:audio-decoder-ogg-vorbis: bf7c407c2cedff20999df2af8eb42d56 -> 
  custom:scripting/precompiled-assembly-types:Fusion.Common: 99c1c6ed442f1f95a07749bb02d7e3fd -> 
  custom:scripting/monoscript/fileName/FusionHubWindow.cs: 761ecf44afbbe98f819411be58e9da60 -> 
  custom:scripting/monoscript/fileName/PhotonAppSettings.cs: 8b612295ab1bfb5d19f8bf60b0a9cae5 -> 
  custom:scripting/precompiled-assembly-types:Fusion.Unity: df37f796591600e1dbe7e1db791f7e9a -> 
  custom:scripting/monoscript/fileName/FusionStatistics.cs: 106e5dd35e0be1ca1db7ee4ef56a87b5 -> 
  custom:scripting/monoscript/fileName/NetworkSceneManagerDefault.cs: 871a1346f3625e42e5be83f620052e51 -> 
  custom:scripting/precompiled-assembly-types:NanoSockets: 5215c3b157b18801e4d4a67db049f6fb -> 
  custom:scripting/precompiled-assembly-types:Mono.Cecil.Pdb: 8503f4121aa743c4dd93ab49beabf1b4 -> 
  custom:scripting/monoscript/fileName/FusionBootstrapDebugGUI.cs: 371b4228dd1f5808b5897e19c03d546a -> 
  custom:audio-encoder-webm-vorbis: bf7c407c2cedff20999df2af8eb42d56 -> 
  custom:scripting/monoscript/fileName/RunnerAOIGizmos.cs: 8b1629a60417f80a3d501474e540ad3f -> 
  custom:scripting/monoscript/fileName/FusionEditorSkin.cs: c6dee1ba664a2a78ce51705f2322e50c -> 
  custom:scripting/precompiled-assembly-types:Fusion.Log: 093f99d101b7ad04a386b90ea972ba9f -> 
  custom:scripting/precompiled-assembly-types:Assembly-CSharp: 20cdaaa988618e7c32f4baf96f88c255 -> 19b16f164f4b9dfccc2b18722de007c1
  custom:scripting/precompiled-assembly-types:Fusion.Unity.Editor: 913ded7c0014f73c789b46cac4832fc4 -> 
  custom:scripting/precompiled-assembly-types:PunDemos.DemoHubEditor:  -> f97a5d20e1b8556d51e739d7bb9826c6
  custom:scripting/precompiled-assembly-types:PhotonChat:  -> 9fb4a95dff8e4bb0341559d3196dd5d3
  custom:scripting/precompiled-assembly-types:PhotonUnityNetworking.Utilities.Culling.Editor:  -> 1c65dd968915d77191f2941086ccc40a
  custom:scripting/precompiled-assembly-types:PhotonRealtime:  -> eaf47285b61cc633c9f08cb0bca9d92b
  custom:scripting/precompiled-assembly-types:PhotonUnityNetworking.Demos:  -> bceb1a8336066edb7c649a54c4f92dc3
  custom:scripting/precompiled-assembly-types:PhotonUnityNetworking:  -> f44f6652a5e0b148f732363c4937ae4d
  custom:scripting/precompiled-assembly-types:PunDemos.DemoSlotcarEditor:  -> 26559dd76904ca0aff3cfa22c4c681e2
  custom:scripting/precompiled-assembly-types:PhotonUnityNetworking.Utilities:  -> 4529229ae7432fc9dea7353effde8578
  custom:scripting/precompiled-assembly-types:PhotonUnityNetworking.Utilities.PhotonPlayer.Editor:  -> 505abf32685786fe9ae158a097994203
  custom:scripting/precompiled-assembly-types:PhotonUnityNetworking.Editor:  -> 381bd82cb89af4cb5a328e5ab5163ccc
========================================================================
Received Prepare
Refreshing native plugins compatible for Editor in 10.41 ms, found 4 plugins.
Preloading 0 native plugins for Editor in 0.00 ms.
Unloading 3 Unused Serialized files (Serialized files now loaded: 0)
Unloading 3 unused Assets / (324.1 KB). Loaded Objects now: 5465.
Memory consumption went from 99.1 MB to 98.8 MB.
Total: 6.653900 ms (FindLiveObjects: 0.530400 ms CreateObjectMapping: 0.306800 ms MarkObjects: 5.513000 ms  DeleteObjects: 0.300700 ms)

Prepare: number of updated asset objects reloaded= 0
AssetImportParameters requested are different than current active one (requested -> active):
  custom:scripting/monoscript/fileName/FusionRunnerVisibilityControlsWindow.cs: 503e55d51d5bac9ff9db7e3128ab6896 -> 
  custom:container-demuxer-ogg: 62fdf1f143b41e24485cea50d1cbac27 -> 
  custom:video-codec-MediaFoundation-h265: 746d11721c4dcdbdad8f713fa42b33f4 -> 
  custom:scripting/precompiled-assembly-types:Fusion.Sockets: 96b7f418eb9014204622bec6ff514d2c -> 
  custom:video-decoder-ogg-theora: a1e56fd34408186e4bbccfd4996cb3dc -> 
  custom:scripting/monoscript/fileName/FusionBasicBillboard.cs: a80a3abf722bfab7012d987c953fb25b -> 
  custom:framework-win-MediaFoundation: 216162199b28c13a410421893ffa2e32 -> 
  custom:scripting/monoscript/fileName/NetworkProjectConfigImporterEditor.cs: 0b9c7f8db96d38ff89dc9f2e19e80a40 -> 
  custom:scripting/monoscript/fileName/EnableOnSingleRunner.cs: 9976ce768e23cc0678b095d30598d8cd -> 
  custom:scripting/monoscript/fileName/ChatEditor.cs: ab8170989c9ef6b66a1ee90f84cc5f2f -> 
  custom:scripting/monoscript/fileName/FusionWeaverTriggerImporter.cs: 5fc682d3abd06512b01d7350f2f8770a -> 
  custom:scripting/monoscript/fileName/Fusion.CodeGen.User.cs: 7518413c31be8fc7fe79dd8f5b20fa0c -> 
  custom:scripting/monoscript/fileName/FusionNetworkObjectStatistics.cs: 021db0ff7e2d9da1efde47d41baabec6 -> 
  custom:scripting/monoscript/fileName/FusionAddressablePrefabsPreloader.cs: 609c7194fc18608a6ba4972670be253b -> 
  custom:scripting/monoscript/fileName/FusionBootstrap.cs: 6c11197935a2055b5e9a8f3a7b6b3582 -> 
  custom:scripting/monoscript/fileName/NetworkCharacterController.cs: 0d9ab4a1b508efe718225ceffebd8e54 -> 
  custom:scripting/monoscript/fileName/NetworkObjectProviderDefault.cs: 0eb113b3784be4de9cc2f3cdcdf5e36c -> 
  custom:scripting/monoscript/fileName/FusionStatsConfig.cs: d07ac9fd432a3fe1fc143ca6057eefa0 -> 
  custom:CustomObjectIndexerAttribute: 72b91833f83ae208fae7752999fa3104 -> 
  custom:scripting/monoscript/fileName/FusionStatsGraphDefault.cs: 5ee101599c172926cb7544039c27358d -> 
  custom:scripting/precompiled-assembly-types:Mono.Cecil.Rocks: 5f71c6f5683af58c1bc2dc303f06a8f9 -> 
  custom:container-demuxer-webm: 4f35f7cbe854078d1ac9338744f61a02 -> 
  custom:FusionILWeaverTriggerImporter/ConfigHash: b0b173a93bb19085723cb3d421b3a13b -> 
  custom:scripting/monoscript/fileName/FusionStatsPanelHeader.cs: 4548dffe5115cb5888d454a4d21545ba -> 
  custom:scripting/monoscript/fileName/Fusion.CodeGen.cs: b9ff9c5a347ec7e6d58d9aa467d5ae96 -> 
  custom:scripting/monoscript/fileName/RunnerVisibilityLink.cs: 6e4a2325960fce24f58edb6ee6b338d8 -> 
  custom:scripting/precompiled-assembly-types:Mono.Cecil: a89b8974831fb168c35dab32ff4bc2ab -> 
  custom:container-muxer-webm: aa71ff27fc2769a1b78a27578f13a17b -> 
  custom:video-decoder-webm-vp8: 9c59270c3fd7afecdb556c50c9e8de78 -> 
  custom:scripting/monoscript/fileName/NetworkPrefabsInspector.cs: d5690b6a52b511d4d789d0067f817a3c -> 
  custom:scripting/monoscript/fileName/Fusion.Unity.Editor.cs: 263dfbba8fab25fe4651132e45050425 -> 
  custom:scripting/precompiled-assembly-types:Fusion.Runtime: 62c8adbc61a4fc8c9059650291ec448a -> 
  custom:scripting/precompiled-assembly-types:Unity.Fusion.CodeGen: dd835b8174dcc674fb162996218a6f3d -> 
  custom:scripting/monoscript/fileName/FusionStatsWorldAnchor.cs: e51e9d4336f8910a14a6d0db6934550f -> 
  custom:SearchIndexIgnoredProperties: e643bd26f0fe6173181afceb89e7c659 -> 
  custom:AudioImporter_EditorPlatform: d09bf68614088b80899f8185d706f6e7 -> 
  custom:scripting/monoscript/fileName/FusionNetworkObjectStatsGraph.cs: 9984a882a8791892508319702985b2a1 -> 
  custom:scripting/monoscript/fileName/RunnerLagCompensationGizmos.cs: f7028307a5d8b8de388a40efb20302af -> 
  custom:scripting/monoscript/fileName/RunnerVisibilityLinksRoot.cs: 64f229c02655e4ab1b3ad93c7368ccfe -> 
  custom:scripting/monoscript/fileName/Fusion.Unity.cs: f2ca333c3793d0f93e8106137e841d6b -> 
  custom:scripting/precompiled-assembly-types:Mono.Cecil.Mdb: eeaf3d2a18354879d00d7a56d9384f12 -> 
  custom:scripting/monoscript/fileName/FusionNetworkObjectStatsGraphCombine.cs: 504ba5016b23b7b24ba99fd9902d9b08 -> 
  custom:scripting/monoscript/fileName/RunnerEnableVisibility.cs: e1b57f1bd6fcbd3137975404af4bcf85 -> 
  custom:scripting/monoscript/fileName/FusionStatsCanvas.cs: 416da2e503a8c9751993b0a30323c49f -> 
  custom:scripting/monoscript/fileName/NetworkProjectConfigImporter.cs: a2caae9d85fed596662aa6841efc1b3e -> 
  custom:scripting/monoscript/fileName/FusionEditorConfigImporter.cs: efe09da10695ecc318b2a0af514b1210 -> 
  custom:video-encoder-webm-vp8: eb34c28f22e8b96e1ab97ce403110664 -> 
  custom:scripting/precompiled-assembly-types:Fusion.Realtime: e3c70eccb2f2a96408605e1bd2da19ec -> 
  custom:audio-decoder-ogg-vorbis: bf7c407c2cedff20999df2af8eb42d56 -> 
  custom:scripting/precompiled-assembly-types:Fusion.Common: 99c1c6ed442f1f95a07749bb02d7e3fd -> 
  custom:scripting/monoscript/fileName/FusionHubWindow.cs: 761ecf44afbbe98f819411be58e9da60 -> 
  custom:scripting/monoscript/fileName/PhotonAppSettings.cs: 8b612295ab1bfb5d19f8bf60b0a9cae5 -> 
  custom:scripting/precompiled-assembly-types:Fusion.Unity: df37f796591600e1dbe7e1db791f7e9a -> 
  custom:scripting/monoscript/fileName/FusionStatistics.cs: 106e5dd35e0be1ca1db7ee4ef56a87b5 -> 
  custom:scripting/monoscript/fileName/NetworkSceneManagerDefault.cs: 871a1346f3625e42e5be83f620052e51 -> 
  custom:scripting/precompiled-assembly-types:NanoSockets: 5215c3b157b18801e4d4a67db049f6fb -> 
  custom:scripting/precompiled-assembly-types:Mono.Cecil.Pdb: 8503f4121aa743c4dd93ab49beabf1b4 -> 
  custom:scripting/monoscript/fileName/FusionBootstrapDebugGUI.cs: 371b4228dd1f5808b5897e19c03d546a -> 
  custom:audio-encoder-webm-vorbis: bf7c407c2cedff20999df2af8eb42d56 -> 
  custom:scripting/monoscript/fileName/RunnerAOIGizmos.cs: 8b1629a60417f80a3d501474e540ad3f -> 
  custom:scripting/monoscript/fileName/FusionEditorSkin.cs: c6dee1ba664a2a78ce51705f2322e50c -> 
  custom:scripting/precompiled-assembly-types:Fusion.Log: 093f99d101b7ad04a386b90ea972ba9f -> 
  custom:scripting/precompiled-assembly-types:Assembly-CSharp: 20cdaaa988618e7c32f4baf96f88c255 -> 19b16f164f4b9dfccc2b18722de007c1
  custom:scripting/precompiled-assembly-types:Fusion.Unity.Editor: 913ded7c0014f73c789b46cac4832fc4 -> 
  custom:scripting/precompiled-assembly-types:PunDemos.DemoHubEditor:  -> f97a5d20e1b8556d51e739d7bb9826c6
  custom:scripting/precompiled-assembly-types:PhotonChat:  -> 9fb4a95dff8e4bb0341559d3196dd5d3
  custom:scripting/precompiled-assembly-types:PhotonUnityNetworking.Utilities.Culling.Editor:  -> 1c65dd968915d77191f2941086ccc40a
  custom:scripting/precompiled-assembly-types:PhotonRealtime:  -> eaf47285b61cc633c9f08cb0bca9d92b
  custom:scripting/precompiled-assembly-types:PhotonUnityNetworking.Demos:  -> bceb1a8336066edb7c649a54c4f92dc3
  custom:scripting/precompiled-assembly-types:PhotonUnityNetworking:  -> f44f6652a5e0b148f732363c4937ae4d
  custom:scripting/precompiled-assembly-types:PunDemos.DemoSlotcarEditor:  -> 26559dd76904ca0aff3cfa22c4c681e2
  custom:scripting/precompiled-assembly-types:PhotonUnityNetworking.Utilities:  -> 4529229ae7432fc9dea7353effde8578
  custom:scripting/precompiled-assembly-types:PhotonUnityNetworking.Utilities.PhotonPlayer.Editor:  -> 505abf32685786fe9ae158a097994203
  custom:scripting/precompiled-assembly-types:PhotonUnityNetworking.Editor:  -> 381bd82cb89af4cb5a328e5ab5163ccc
========================================================================
Received Prepare
Caller must complete domain reload
Begin MonoManager ReloadAssembly
- Loaded All Assemblies, in  0.653 seconds
Native extension for UWP target not found
Native extension for WindowsStandalone target not found
Native extension for Android target not found
Native extension for WebGL target not found
Mono: successfully reloaded assembly
- Finished resetting the current domain, in  1.625 seconds
Domain Reload Profiling: 2277ms
	BeginReloadAssembly (196ms)
		ExecutionOrderSort (0ms)
		DisableScriptedObjects (6ms)
		BackupInstance (0ms)
		ReleaseScriptingObjects (0ms)
		CreateAndSetChildDomain (43ms)
	RebuildCommonClasses (41ms)
	RebuildNativeTypeToScriptingClass (14ms)
	initialDomainReloadingComplete (52ms)
	LoadAllAssembliesAndSetupDomain (347ms)
		LoadAssemblies (427ms)
		RebuildTransferFunctionScriptingTraits (0ms)
		AnalyzeDomain (26ms)
			TypeCache.Refresh (8ms)
				TypeCache.ScanAssembly (0ms)
			ScanForSourceGeneratedMonoScriptInfo (0ms)
			ResolveRequiredComponents (14ms)
	FinalizeReload (1626ms)
		ReleaseScriptCaches (0ms)
		RebuildScriptCaches (0ms)
		SetupLoadedEditorAssemblies (845ms)
			LogAssemblyErrors (0ms)
			InitializePlatformSupportModulesInManaged (34ms)
			SetLoadedEditorAssemblies (5ms)
			RefreshPlugins (0ms)
			BeforeProcessingInitializeOnLoad (104ms)
			ProcessInitializeOnLoadAttributes (611ms)
			ProcessInitializeOnLoadMethodAttributes (80ms)
			AfterProcessingInitializeOnLoad (10ms)
			EditorAssembliesLoaded (1ms)
		ExecutionOrderSort2 (0ms)
		AwakeInstancesAfterBackupRestoration (28ms)
Refreshing native plugins compatible for Editor in 13.06 ms, found 4 plugins.
Preloading 0 native plugins for Editor in 0.00 ms.
Unloading 4799 Unused Serialized files (Serialized files now loaded: 0)
Unloading 32 unused Assets / (352.7 KB). Loaded Objects now: 5469.
Memory consumption went from 173.6 MB to 173.3 MB.
Total: 6.556100 ms (FindLiveObjects: 0.788900 ms CreateObjectMapping: 0.289200 ms MarkObjects: 5.061700 ms  DeleteObjects: 0.413700 ms)

Prepare: number of updated asset objects reloaded= 0
AssetImportParameters requested are different than current active one (requested -> active):
  custom:scripting/monoscript/fileName/FusionRunnerVisibilityControlsWindow.cs: 503e55d51d5bac9ff9db7e3128ab6896 -> 
  custom:container-demuxer-ogg: 62fdf1f143b41e24485cea50d1cbac27 -> 
  custom:video-codec-MediaFoundation-h265: 746d11721c4dcdbdad8f713fa42b33f4 -> 
  custom:scripting/precompiled-assembly-types:Fusion.Sockets: 96b7f418eb9014204622bec6ff514d2c -> 
  custom:video-decoder-ogg-theora: a1e56fd34408186e4bbccfd4996cb3dc -> 
  custom:scripting/monoscript/fileName/FusionBasicBillboard.cs: a80a3abf722bfab7012d987c953fb25b -> 
  custom:framework-win-MediaFoundation: 216162199b28c13a410421893ffa2e32 -> 
  custom:scripting/monoscript/fileName/NetworkProjectConfigImporterEditor.cs: 0b9c7f8db96d38ff89dc9f2e19e80a40 -> 
  custom:scripting/monoscript/fileName/EnableOnSingleRunner.cs: 9976ce768e23cc0678b095d30598d8cd -> 
  custom:scripting/monoscript/fileName/ChatEditor.cs: ab8170989c9ef6b66a1ee90f84cc5f2f -> 
  custom:scripting/monoscript/fileName/FusionWeaverTriggerImporter.cs: 5fc682d3abd06512b01d7350f2f8770a -> 
  custom:scripting/monoscript/fileName/Fusion.CodeGen.User.cs: 7518413c31be8fc7fe79dd8f5b20fa0c -> 
  custom:scripting/monoscript/fileName/FusionNetworkObjectStatistics.cs: 021db0ff7e2d9da1efde47d41baabec6 -> 
  custom:scripting/monoscript/fileName/FusionAddressablePrefabsPreloader.cs: 609c7194fc18608a6ba4972670be253b -> 
  custom:scripting/monoscript/fileName/FusionBootstrap.cs: 6c11197935a2055b5e9a8f3a7b6b3582 -> 
  custom:scripting/monoscript/fileName/NetworkCharacterController.cs: 0d9ab4a1b508efe718225ceffebd8e54 -> 
  custom:scripting/monoscript/fileName/NetworkObjectProviderDefault.cs: 0eb113b3784be4de9cc2f3cdcdf5e36c -> 
  custom:scripting/monoscript/fileName/FusionStatsConfig.cs: d07ac9fd432a3fe1fc143ca6057eefa0 -> 
  custom:CustomObjectIndexerAttribute: 72b91833f83ae208fae7752999fa3104 -> 
  custom:scripting/monoscript/fileName/FusionStatsGraphDefault.cs: 5ee101599c172926cb7544039c27358d -> 
  custom:scripting/precompiled-assembly-types:Mono.Cecil.Rocks: 5f71c6f5683af58c1bc2dc303f06a8f9 -> 
  custom:container-demuxer-webm: 4f35f7cbe854078d1ac9338744f61a02 -> 
  custom:FusionILWeaverTriggerImporter/ConfigHash: b0b173a93bb19085723cb3d421b3a13b -> 
  custom:scripting/monoscript/fileName/FusionStatsPanelHeader.cs: 4548dffe5115cb5888d454a4d21545ba -> 
  custom:scripting/monoscript/fileName/Fusion.CodeGen.cs: b9ff9c5a347ec7e6d58d9aa467d5ae96 -> 
  custom:scripting/monoscript/fileName/RunnerVisibilityLink.cs: 6e4a2325960fce24f58edb6ee6b338d8 -> 
  custom:scripting/precompiled-assembly-types:Mono.Cecil: a89b8974831fb168c35dab32ff4bc2ab -> 
  custom:container-muxer-webm: aa71ff27fc2769a1b78a27578f13a17b -> 
  custom:video-decoder-webm-vp8: 9c59270c3fd7afecdb556c50c9e8de78 -> 
  custom:scripting/monoscript/fileName/NetworkPrefabsInspector.cs: d5690b6a52b511d4d789d0067f817a3c -> 
  custom:scripting/monoscript/fileName/Fusion.Unity.Editor.cs: 263dfbba8fab25fe4651132e45050425 -> 
  custom:scripting/precompiled-assembly-types:Fusion.Runtime: 62c8adbc61a4fc8c9059650291ec448a -> 
  custom:scripting/precompiled-assembly-types:Unity.Fusion.CodeGen: dd835b8174dcc674fb162996218a6f3d -> 
  custom:scripting/monoscript/fileName/FusionStatsWorldAnchor.cs: e51e9d4336f8910a14a6d0db6934550f -> 
  custom:SearchIndexIgnoredProperties: e643bd26f0fe6173181afceb89e7c659 -> 
  custom:AudioImporter_EditorPlatform: d09bf68614088b80899f8185d706f6e7 -> 
  custom:scripting/monoscript/fileName/FusionNetworkObjectStatsGraph.cs: 9984a882a8791892508319702985b2a1 -> 
  custom:scripting/monoscript/fileName/RunnerLagCompensationGizmos.cs: f7028307a5d8b8de388a40efb20302af -> 
  custom:scripting/monoscript/fileName/RunnerVisibilityLinksRoot.cs: 64f229c02655e4ab1b3ad93c7368ccfe -> 
  custom:scripting/monoscript/fileName/Fusion.Unity.cs: f2ca333c3793d0f93e8106137e841d6b -> 
  custom:scripting/precompiled-assembly-types:Mono.Cecil.Mdb: eeaf3d2a18354879d00d7a56d9384f12 -> 
  custom:scripting/monoscript/fileName/FusionNetworkObjectStatsGraphCombine.cs: 504ba5016b23b7b24ba99fd9902d9b08 -> 
  custom:scripting/monoscript/fileName/RunnerEnableVisibility.cs: e1b57f1bd6fcbd3137975404af4bcf85 -> 
  custom:scripting/monoscript/fileName/FusionStatsCanvas.cs: 416da2e503a8c9751993b0a30323c49f -> 
  custom:scripting/monoscript/fileName/NetworkProjectConfigImporter.cs: a2caae9d85fed596662aa6841efc1b3e -> 
  custom:scripting/monoscript/fileName/FusionEditorConfigImporter.cs: efe09da10695ecc318b2a0af514b1210 -> 
  custom:video-encoder-webm-vp8: eb34c28f22e8b96e1ab97ce403110664 -> 
  custom:scripting/precompiled-assembly-types:Fusion.Realtime: e3c70eccb2f2a96408605e1bd2da19ec -> 
  custom:audio-decoder-ogg-vorbis: bf7c407c2cedff20999df2af8eb42d56 -> 
  custom:scripting/precompiled-assembly-types:Fusion.Common: 99c1c6ed442f1f95a07749bb02d7e3fd -> 
  custom:scripting/monoscript/fileName/FusionHubWindow.cs: 761ecf44afbbe98f819411be58e9da60 -> 
  custom:scripting/monoscript/fileName/PhotonAppSettings.cs: 8b612295ab1bfb5d19f8bf60b0a9cae5 -> 
  custom:scripting/precompiled-assembly-types:Fusion.Unity: df37f796591600e1dbe7e1db791f7e9a -> 
  custom:scripting/monoscript/fileName/FusionStatistics.cs: 106e5dd35e0be1ca1db7ee4ef56a87b5 -> 
  custom:scripting/monoscript/fileName/NetworkSceneManagerDefault.cs: 871a1346f3625e42e5be83f620052e51 -> 
  custom:scripting/precompiled-assembly-types:NanoSockets: 5215c3b157b18801e4d4a67db049f6fb -> 
  custom:scripting/precompiled-assembly-types:Mono.Cecil.Pdb: 8503f4121aa743c4dd93ab49beabf1b4 -> 
  custom:scripting/monoscript/fileName/FusionBootstrapDebugGUI.cs: 371b4228dd1f5808b5897e19c03d546a -> 
  custom:audio-encoder-webm-vorbis: bf7c407c2cedff20999df2af8eb42d56 -> 
  custom:scripting/monoscript/fileName/RunnerAOIGizmos.cs: 8b1629a60417f80a3d501474e540ad3f -> 
  custom:scripting/monoscript/fileName/FusionEditorSkin.cs: c6dee1ba664a2a78ce51705f2322e50c -> 
  custom:scripting/precompiled-assembly-types:Fusion.Log: 093f99d101b7ad04a386b90ea972ba9f -> 
  custom:scripting/precompiled-assembly-types:Assembly-CSharp: 20cdaaa988618e7c32f4baf96f88c255 -> 19b16f164f4b9dfccc2b18722de007c1
  custom:scripting/precompiled-assembly-types:Fusion.Unity.Editor: 913ded7c0014f73c789b46cac4832fc4 -> 
  custom:scripting/precompiled-assembly-types:PunDemos.DemoHubEditor:  -> f97a5d20e1b8556d51e739d7bb9826c6
  custom:scripting/precompiled-assembly-types:PhotonChat:  -> 9fb4a95dff8e4bb0341559d3196dd5d3
  custom:scripting/precompiled-assembly-types:PhotonUnityNetworking.Utilities.Culling.Editor:  -> 1c65dd968915d77191f2941086ccc40a
  custom:scripting/precompiled-assembly-types:PhotonRealtime:  -> eaf47285b61cc633c9f08cb0bca9d92b
  custom:scripting/precompiled-assembly-types:PhotonUnityNetworking.Demos:  -> bceb1a8336066edb7c649a54c4f92dc3
  custom:scripting/precompiled-assembly-types:PhotonUnityNetworking:  -> f44f6652a5e0b148f732363c4937ae4d
  custom:scripting/precompiled-assembly-types:PunDemos.DemoSlotcarEditor:  -> 26559dd76904ca0aff3cfa22c4c681e2
  custom:scripting/precompiled-assembly-types:PhotonUnityNetworking.Utilities:  -> 4529229ae7432fc9dea7353effde8578
  custom:scripting/precompiled-assembly-types:PhotonUnityNetworking.Utilities.PhotonPlayer.Editor:  -> 505abf32685786fe9ae158a097994203
  custom:scripting/precompiled-assembly-types:PhotonUnityNetworking.Editor:  -> 381bd82cb89af4cb5a328e5ab5163ccc
========================================================================
Received Prepare
Caller must complete domain reload
Begin MonoManager ReloadAssembly
- Loaded All Assemblies, in  0.659 seconds
Native extension for UWP target not found
Native extension for WindowsStandalone target not found
Native extension for Android target not found
Native extension for WebGL target not found
Mono: successfully reloaded assembly
- Finished resetting the current domain, in  1.495 seconds
Domain Reload Profiling: 2152ms
	BeginReloadAssembly (211ms)
		ExecutionOrderSort (0ms)
		DisableScriptedObjects (5ms)
		BackupInstance (0ms)
		ReleaseScriptingObjects (0ms)
		CreateAndSetChildDomain (58ms)
	RebuildCommonClasses (43ms)
	RebuildNativeTypeToScriptingClass (13ms)
	initialDomainReloadingComplete (45ms)
	LoadAllAssembliesAndSetupDomain (343ms)
		LoadAssemblies (428ms)
		RebuildTransferFunctionScriptingTraits (0ms)
		AnalyzeDomain (26ms)
			TypeCache.Refresh (9ms)
				TypeCache.ScanAssembly (0ms)
			ScanForSourceGeneratedMonoScriptInfo (0ms)
			ResolveRequiredComponents (15ms)
	FinalizeReload (1496ms)
		ReleaseScriptCaches (0ms)
		RebuildScriptCaches (0ms)
		SetupLoadedEditorAssemblies (773ms)
			LogAssemblyErrors (0ms)
			InitializePlatformSupportModulesInManaged (30ms)
			SetLoadedEditorAssemblies (4ms)
			RefreshPlugins (0ms)
			BeforeProcessingInitializeOnLoad (98ms)
			ProcessInitializeOnLoadAttributes (556ms)
			ProcessInitializeOnLoadMethodAttributes (72ms)
			AfterProcessingInitializeOnLoad (12ms)
			EditorAssembliesLoaded (0ms)
		ExecutionOrderSort2 (0ms)
		AwakeInstancesAfterBackupRestoration (32ms)
Refreshing native plugins compatible for Editor in 8.42 ms, found 4 plugins.
Preloading 0 native plugins for Editor in 0.00 ms.
Unloading 4799 Unused Serialized files (Serialized files now loaded: 0)
Unloading 32 unused Assets / (352.6 KB). Loaded Objects now: 5473.
Memory consumption went from 173.6 MB to 173.3 MB.
Total: 6.192700 ms (FindLiveObjects: 0.496800 ms CreateObjectMapping: 0.263900 ms MarkObjects: 4.993600 ms  DeleteObjects: 0.436300 ms)

Prepare: number of updated asset objects reloaded= 0
AssetImportParameters requested are different than current active one (requested -> active):
  custom:scripting/monoscript/fileName/FusionRunnerVisibilityControlsWindow.cs: 503e55d51d5bac9ff9db7e3128ab6896 -> 
  custom:container-demuxer-ogg: 62fdf1f143b41e24485cea50d1cbac27 -> 
  custom:video-codec-MediaFoundation-h265: 746d11721c4dcdbdad8f713fa42b33f4 -> 
  custom:scripting/precompiled-assembly-types:Fusion.Sockets: 96b7f418eb9014204622bec6ff514d2c -> 
  custom:video-decoder-ogg-theora: a1e56fd34408186e4bbccfd4996cb3dc -> 
  custom:scripting/monoscript/fileName/FusionBasicBillboard.cs: a80a3abf722bfab7012d987c953fb25b -> 
  custom:framework-win-MediaFoundation: 216162199b28c13a410421893ffa2e32 -> 
  custom:scripting/monoscript/fileName/NetworkProjectConfigImporterEditor.cs: 0b9c7f8db96d38ff89dc9f2e19e80a40 -> 
  custom:scripting/monoscript/fileName/EnableOnSingleRunner.cs: 9976ce768e23cc0678b095d30598d8cd -> 
  custom:scripting/monoscript/fileName/ChatEditor.cs: ab8170989c9ef6b66a1ee90f84cc5f2f -> 
  custom:scripting/monoscript/fileName/FusionWeaverTriggerImporter.cs: 5fc682d3abd06512b01d7350f2f8770a -> 
  custom:scripting/monoscript/fileName/Fusion.CodeGen.User.cs: 7518413c31be8fc7fe79dd8f5b20fa0c -> 
  custom:scripting/monoscript/fileName/FusionNetworkObjectStatistics.cs: 021db0ff7e2d9da1efde47d41baabec6 -> 
  custom:scripting/monoscript/fileName/FusionAddressablePrefabsPreloader.cs: 609c7194fc18608a6ba4972670be253b -> 
  custom:scripting/monoscript/fileName/FusionBootstrap.cs: 6c11197935a2055b5e9a8f3a7b6b3582 -> 
  custom:scripting/monoscript/fileName/NetworkCharacterController.cs: 0d9ab4a1b508efe718225ceffebd8e54 -> 
  custom:scripting/monoscript/fileName/NetworkObjectProviderDefault.cs: 0eb113b3784be4de9cc2f3cdcdf5e36c -> 
  custom:scripting/monoscript/fileName/FusionStatsConfig.cs: d07ac9fd432a3fe1fc143ca6057eefa0 -> 
  custom:CustomObjectIndexerAttribute: 72b91833f83ae208fae7752999fa3104 -> 
  custom:scripting/monoscript/fileName/FusionStatsGraphDefault.cs: 5ee101599c172926cb7544039c27358d -> 
  custom:scripting/precompiled-assembly-types:Mono.Cecil.Rocks: 5f71c6f5683af58c1bc2dc303f06a8f9 -> 
  custom:container-demuxer-webm: 4f35f7cbe854078d1ac9338744f61a02 -> 
  custom:FusionILWeaverTriggerImporter/ConfigHash: b0b173a93bb19085723cb3d421b3a13b -> 
  custom:scripting/monoscript/fileName/FusionStatsPanelHeader.cs: 4548dffe5115cb5888d454a4d21545ba -> 
  custom:scripting/monoscript/fileName/Fusion.CodeGen.cs: b9ff9c5a347ec7e6d58d9aa467d5ae96 -> 
  custom:scripting/monoscript/fileName/RunnerVisibilityLink.cs: 6e4a2325960fce24f58edb6ee6b338d8 -> 
  custom:scripting/precompiled-assembly-types:Mono.Cecil: a89b8974831fb168c35dab32ff4bc2ab -> 
  custom:container-muxer-webm: aa71ff27fc2769a1b78a27578f13a17b -> 
  custom:video-decoder-webm-vp8: 9c59270c3fd7afecdb556c50c9e8de78 -> 
  custom:scripting/monoscript/fileName/NetworkPrefabsInspector.cs: d5690b6a52b511d4d789d0067f817a3c -> 
  custom:scripting/monoscript/fileName/Fusion.Unity.Editor.cs: 263dfbba8fab25fe4651132e45050425 -> 
  custom:scripting/precompiled-assembly-types:Fusion.Runtime: 62c8adbc61a4fc8c9059650291ec448a -> 
  custom:scripting/precompiled-assembly-types:Unity.Fusion.CodeGen: dd835b8174dcc674fb162996218a6f3d -> 
  custom:scripting/monoscript/fileName/FusionStatsWorldAnchor.cs: e51e9d4336f8910a14a6d0db6934550f -> 
  custom:SearchIndexIgnoredProperties: e643bd26f0fe6173181afceb89e7c659 -> 
  custom:AudioImporter_EditorPlatform: d09bf68614088b80899f8185d706f6e7 -> 
  custom:scripting/monoscript/fileName/FusionNetworkObjectStatsGraph.cs: 9984a882a8791892508319702985b2a1 -> 
  custom:scripting/monoscript/fileName/RunnerLagCompensationGizmos.cs: f7028307a5d8b8de388a40efb20302af -> 
  custom:scripting/monoscript/fileName/RunnerVisibilityLinksRoot.cs: 64f229c02655e4ab1b3ad93c7368ccfe -> 
  custom:scripting/monoscript/fileName/Fusion.Unity.cs: f2ca333c3793d0f93e8106137e841d6b -> 
  custom:scripting/precompiled-assembly-types:Mono.Cecil.Mdb: eeaf3d2a18354879d00d7a56d9384f12 -> 
  custom:scripting/monoscript/fileName/FusionNetworkObjectStatsGraphCombine.cs: 504ba5016b23b7b24ba99fd9902d9b08 -> 
  custom:scripting/monoscript/fileName/RunnerEnableVisibility.cs: e1b57f1bd6fcbd3137975404af4bcf85 -> 
  custom:scripting/monoscript/fileName/FusionStatsCanvas.cs: 416da2e503a8c9751993b0a30323c49f -> 
  custom:scripting/monoscript/fileName/NetworkProjectConfigImporter.cs: a2caae9d85fed596662aa6841efc1b3e -> 
  custom:scripting/monoscript/fileName/FusionEditorConfigImporter.cs: efe09da10695ecc318b2a0af514b1210 -> 
  custom:video-encoder-webm-vp8: eb34c28f22e8b96e1ab97ce403110664 -> 
  custom:scripting/precompiled-assembly-types:Fusion.Realtime: e3c70eccb2f2a96408605e1bd2da19ec -> 
  custom:audio-decoder-ogg-vorbis: bf7c407c2cedff20999df2af8eb42d56 -> 
  custom:scripting/precompiled-assembly-types:Fusion.Common: 99c1c6ed442f1f95a07749bb02d7e3fd -> 
  custom:scripting/monoscript/fileName/FusionHubWindow.cs: 761ecf44afbbe98f819411be58e9da60 -> 
  custom:scripting/monoscript/fileName/PhotonAppSettings.cs: 8b612295ab1bfb5d19f8bf60b0a9cae5 -> 
  custom:scripting/precompiled-assembly-types:Fusion.Unity: df37f796591600e1dbe7e1db791f7e9a -> 
  custom:scripting/monoscript/fileName/FusionStatistics.cs: 106e5dd35e0be1ca1db7ee4ef56a87b5 -> 
  custom:scripting/monoscript/fileName/NetworkSceneManagerDefault.cs: 871a1346f3625e42e5be83f620052e51 -> 
  custom:scripting/precompiled-assembly-types:NanoSockets: 5215c3b157b18801e4d4a67db049f6fb -> 
  custom:scripting/precompiled-assembly-types:Mono.Cecil.Pdb: 8503f4121aa743c4dd93ab49beabf1b4 -> 
  custom:scripting/monoscript/fileName/FusionBootstrapDebugGUI.cs: 371b4228dd1f5808b5897e19c03d546a -> 
  custom:audio-encoder-webm-vorbis: bf7c407c2cedff20999df2af8eb42d56 -> 
  custom:scripting/monoscript/fileName/RunnerAOIGizmos.cs: 8b1629a60417f80a3d501474e540ad3f -> 
  custom:scripting/monoscript/fileName/FusionEditorSkin.cs: c6dee1ba664a2a78ce51705f2322e50c -> 
  custom:scripting/precompiled-assembly-types:Fusion.Log: 093f99d101b7ad04a386b90ea972ba9f -> 
  custom:scripting/precompiled-assembly-types:Assembly-CSharp: 20cdaaa988618e7c32f4baf96f88c255 -> 19b16f164f4b9dfccc2b18722de007c1
  custom:scripting/precompiled-assembly-types:Fusion.Unity.Editor: 913ded7c0014f73c789b46cac4832fc4 -> 
  custom:scripting/precompiled-assembly-types:PunDemos.DemoHubEditor:  -> f97a5d20e1b8556d51e739d7bb9826c6
  custom:scripting/precompiled-assembly-types:PhotonChat:  -> 9fb4a95dff8e4bb0341559d3196dd5d3
  custom:scripting/precompiled-assembly-types:PhotonUnityNetworking.Utilities.Culling.Editor:  -> 1c65dd968915d77191f2941086ccc40a
  custom:scripting/precompiled-assembly-types:PhotonRealtime:  -> eaf47285b61cc633c9f08cb0bca9d92b
  custom:scripting/precompiled-assembly-types:PhotonUnityNetworking.Demos:  -> bceb1a8336066edb7c649a54c4f92dc3
  custom:scripting/precompiled-assembly-types:PhotonUnityNetworking:  -> f44f6652a5e0b148f732363c4937ae4d
  custom:scripting/precompiled-assembly-types:PunDemos.DemoSlotcarEditor:  -> 26559dd76904ca0aff3cfa22c4c681e2
  custom:scripting/precompiled-assembly-types:PhotonUnityNetworking.Utilities:  -> 4529229ae7432fc9dea7353effde8578
  custom:scripting/precompiled-assembly-types:PhotonUnityNetworking.Utilities.PhotonPlayer.Editor:  -> 505abf32685786fe9ae158a097994203
  custom:scripting/precompiled-assembly-types:PhotonUnityNetworking.Editor:  -> 381bd82cb89af4cb5a328e5ab5163ccc
